[0.037s] DEBUG:colcon:Command line arguments: ['/usr/bin/colcon', 'list', '--base-paths', 'src', '--packages-ignore', '']
[0.037s] DEBUG:colcon:Parsed command line arguments: Namespace(log_base=None, log_level=None, verb_name='list', build_base='build', ignore_user_meta=False, metas=['./colcon.meta'], base_paths=['src'], packages_ignore=[''], packages_ignore_regex=None, paths=None, packages_up_to=None, packages_up_to_regex=None, packages_above=None, packages_above_and_dependencies=None, packages_above_depth=None, packages_select_by_dep=None, packages_skip_by_dep=None, packages_skip_up_to=None, packages_select_build_failed=False, packages_skip_build_finished=False, packages_select_test_failures=False, packages_skip_test_passed=False, packages_select=None, packages_skip=None, packages_select_regex=None, packages_skip_regex=None, packages_start=None, packages_end=None, allow_overriding=[], topological_order=False, names_only=False, paths_only=False, topological_graph=False, topological_graph_dot=False, topological_graph_density=False, topological_graph_legend=False, topological_graph_dot_cluster=False, topological_graph_dot_include_skipped=False, verb_parser=<colcon_defaults.argument_parser.defaults.DefaultArgumentsDecorator object at 0x793448215540>, verb_extension=<colcon_package_information.verb.list.ListVerb object at 0x793448214700>, main=<bound method ListVerb.main of <colcon_package_information.verb.list.ListVerb object at 0x793448214700>>)
[0.054s] Level 1:colcon.colcon_core.package_discovery:discover_packages(colcon_meta) check parameters
[0.054s] Level 1:colcon.colcon_core.package_discovery:discover_packages(recursive) check parameters
[0.054s] Level 1:colcon.colcon_core.package_discovery:discover_packages(ignore) check parameters
[0.054s] Level 1:colcon.colcon_core.package_discovery:discover_packages(path) check parameters
[0.054s] Level 1:colcon.colcon_core.package_discovery:discover_packages(recursive) discover
[0.055s] INFO:colcon.colcon_core.package_discovery:Crawling recursively for packages in '/home/yash/px4_ws/src'
[0.055s] Level 1:colcon.colcon_core.package_identification:_identify(src) by extensions ['ignore']
[0.055s] Level 1:colcon.colcon_core.package_identification:_identify(src) by extension 'ignore'
[0.055s] Level 1:colcon.colcon_core.package_identification:_identify(src) by extensions ['colcon_pkg']
[0.055s] Level 1:colcon.colcon_core.package_identification:_identify(src) by extension 'colcon_pkg'
[0.055s] Level 1:colcon.colcon_core.package_identification:_identify(src) by extensions ['colcon_meta']
[0.055s] Level 1:colcon.colcon_core.package_identification:_identify(src) by extension 'colcon_meta'
[0.055s] Level 1:colcon.colcon_core.package_identification:_identify(src) by extensions ['python']
[0.055s] Level 1:colcon.colcon_core.package_identification:_identify(src) by extension 'python'
[0.055s] Level 1:colcon.colcon_core.package_identification:_identify(src) by extensions ['python_setup_py']
[0.055s] Level 1:colcon.colcon_core.package_identification:_identify(src) by extension 'python_setup_py'
[0.055s] Level 1:colcon.colcon_core.package_identification:_identify(src/px4_msgs) by extensions ['ignore']
[0.055s] Level 1:colcon.colcon_core.package_identification:_identify(src/px4_msgs) by extension 'ignore'
[0.055s] Level 1:colcon.colcon_core.package_identification:_identify(src/px4_msgs) by extensions ['colcon_pkg']
[0.055s] Level 1:colcon.colcon_core.package_identification:_identify(src/px4_msgs) by extension 'colcon_pkg'
[0.055s] Level 1:colcon.colcon_core.package_identification:_identify(src/px4_msgs) by extensions ['colcon_meta']
[0.055s] Level 1:colcon.colcon_core.package_identification:_identify(src/px4_msgs) by extension 'colcon_meta'
[0.055s] Level 1:colcon.colcon_core.package_identification:_identify(src/px4_msgs) by extensions ['python']
[0.055s] Level 1:colcon.colcon_core.package_identification:_identify(src/px4_msgs) by extension 'python'
[0.055s] Level 1:colcon.colcon_core.package_identification:_identify(src/px4_msgs) by extensions ['python_setup_py']
[0.055s] Level 1:colcon.colcon_core.package_identification:_identify(src/px4_msgs) by extension 'python_setup_py'
[0.055s] Level 1:colcon.colcon_core.package_identification:_identify(src/px4_msgs/msg) by extensions ['ignore']
[0.055s] Level 1:colcon.colcon_core.package_identification:_identify(src/px4_msgs/msg) by extension 'ignore'
[0.055s] Level 1:colcon.colcon_core.package_identification:_identify(src/px4_msgs/msg) by extensions ['colcon_pkg']
[0.055s] Level 1:colcon.colcon_core.package_identification:_identify(src/px4_msgs/msg) by extension 'colcon_pkg'
[0.055s] Level 1:colcon.colcon_core.package_identification:_identify(src/px4_msgs/msg) by extensions ['colcon_meta']
[0.055s] Level 1:colcon.colcon_core.package_identification:_identify(src/px4_msgs/msg) by extension 'colcon_meta'
[0.055s] Level 1:colcon.colcon_core.package_identification:_identify(src/px4_msgs/msg) by extensions ['python']
[0.055s] Level 1:colcon.colcon_core.package_identification:_identify(src/px4_msgs/msg) by extension 'python'
[0.055s] Level 1:colcon.colcon_core.package_identification:_identify(src/px4_msgs/msg) by extensions ['python_setup_py']
[0.055s] Level 1:colcon.colcon_core.package_identification:_identify(src/px4_msgs/msg) by extension 'python_setup_py'
[0.055s] Level 1:colcon.colcon_core.package_identification:_identify(src/px4_msgs/srv) by extensions ['ignore']
[0.055s] Level 1:colcon.colcon_core.package_identification:_identify(src/px4_msgs/srv) by extension 'ignore'
[0.055s] Level 1:colcon.colcon_core.package_identification:_identify(src/px4_msgs/srv) by extensions ['colcon_pkg']
[0.055s] Level 1:colcon.colcon_core.package_identification:_identify(src/px4_msgs/srv) by extension 'colcon_pkg'
[0.055s] Level 1:colcon.colcon_core.package_identification:_identify(src/px4_msgs/srv) by extensions ['colcon_meta']
[0.055s] Level 1:colcon.colcon_core.package_identification:_identify(src/px4_msgs/srv) by extension 'colcon_meta'
[0.055s] Level 1:colcon.colcon_core.package_identification:_identify(src/px4_msgs/srv) by extensions ['python']
[0.055s] Level 1:colcon.colcon_core.package_identification:_identify(src/px4_msgs/srv) by extension 'python'
[0.055s] Level 1:colcon.colcon_core.package_identification:_identify(src/px4_msgs/srv) by extensions ['python_setup_py']
[0.055s] Level 1:colcon.colcon_core.package_identification:_identify(src/px4_msgs/srv) by extension 'python_setup_py'
[0.055s] Level 1:colcon.colcon_core.package_identification:_identify(src/px4_ros_com) by extensions ['ignore']
[0.055s] Level 1:colcon.colcon_core.package_identification:_identify(src/px4_ros_com) by extension 'ignore'
[0.055s] Level 1:colcon.colcon_core.package_identification:_identify(src/px4_ros_com) by extensions ['colcon_pkg']
[0.055s] Level 1:colcon.colcon_core.package_identification:_identify(src/px4_ros_com) by extension 'colcon_pkg'
[0.055s] Level 1:colcon.colcon_core.package_identification:_identify(src/px4_ros_com) by extensions ['colcon_meta']
[0.055s] Level 1:colcon.colcon_core.package_identification:_identify(src/px4_ros_com) by extension 'colcon_meta'
[0.056s] Level 1:colcon.colcon_core.package_identification:_identify(src/px4_ros_com) by extensions ['python']
[0.056s] Level 1:colcon.colcon_core.package_identification:_identify(src/px4_ros_com) by extension 'python'
[0.056s] Level 1:colcon.colcon_core.package_identification:_identify(src/px4_ros_com) by extensions ['python_setup_py']
[0.056s] Level 1:colcon.colcon_core.package_identification:_identify(src/px4_ros_com) by extension 'python_setup_py'
[0.056s] Level 1:colcon.colcon_core.package_identification:_identify(src/px4_ros_com/include) by extensions ['ignore']
[0.056s] Level 1:colcon.colcon_core.package_identification:_identify(src/px4_ros_com/include) by extension 'ignore'
[0.056s] Level 1:colcon.colcon_core.package_identification:_identify(src/px4_ros_com/include) by extensions ['colcon_pkg']
[0.056s] Level 1:colcon.colcon_core.package_identification:_identify(src/px4_ros_com/include) by extension 'colcon_pkg'
[0.056s] Level 1:colcon.colcon_core.package_identification:_identify(src/px4_ros_com/include) by extensions ['colcon_meta']
[0.056s] Level 1:colcon.colcon_core.package_identification:_identify(src/px4_ros_com/include) by extension 'colcon_meta'
[0.056s] Level 1:colcon.colcon_core.package_identification:_identify(src/px4_ros_com/include) by extensions ['python']
[0.056s] Level 1:colcon.colcon_core.package_identification:_identify(src/px4_ros_com/include) by extension 'python'
[0.056s] Level 1:colcon.colcon_core.package_identification:_identify(src/px4_ros_com/include) by extensions ['python_setup_py']
[0.056s] Level 1:colcon.colcon_core.package_identification:_identify(src/px4_ros_com/include) by extension 'python_setup_py'
[0.056s] Level 1:colcon.colcon_core.package_identification:_identify(src/px4_ros_com/include/px4_ros_com) by extensions ['ignore']
[0.056s] Level 1:colcon.colcon_core.package_identification:_identify(src/px4_ros_com/include/px4_ros_com) by extension 'ignore'
[0.056s] Level 1:colcon.colcon_core.package_identification:_identify(src/px4_ros_com/include/px4_ros_com) by extensions ['colcon_pkg']
[0.056s] Level 1:colcon.colcon_core.package_identification:_identify(src/px4_ros_com/include/px4_ros_com) by extension 'colcon_pkg'
[0.056s] Level 1:colcon.colcon_core.package_identification:_identify(src/px4_ros_com/include/px4_ros_com) by extensions ['colcon_meta']
[0.056s] Level 1:colcon.colcon_core.package_identification:_identify(src/px4_ros_com/include/px4_ros_com) by extension 'colcon_meta'
[0.056s] Level 1:colcon.colcon_core.package_identification:_identify(src/px4_ros_com/include/px4_ros_com) by extensions ['python']
[0.056s] Level 1:colcon.colcon_core.package_identification:_identify(src/px4_ros_com/include/px4_ros_com) by extension 'python'
[0.056s] Level 1:colcon.colcon_core.package_identification:_identify(src/px4_ros_com/include/px4_ros_com) by extensions ['python_setup_py']
[0.056s] Level 1:colcon.colcon_core.package_identification:_identify(src/px4_ros_com/include/px4_ros_com) by extension 'python_setup_py'
[0.056s] Level 1:colcon.colcon_core.package_identification:_identify(src/px4_ros_com/launch) by extensions ['ignore']
[0.056s] Level 1:colcon.colcon_core.package_identification:_identify(src/px4_ros_com/launch) by extension 'ignore'
[0.056s] Level 1:colcon.colcon_core.package_identification:_identify(src/px4_ros_com/launch) by extensions ['colcon_pkg']
[0.056s] Level 1:colcon.colcon_core.package_identification:_identify(src/px4_ros_com/launch) by extension 'colcon_pkg'
[0.056s] Level 1:colcon.colcon_core.package_identification:_identify(src/px4_ros_com/launch) by extensions ['colcon_meta']
[0.056s] Level 1:colcon.colcon_core.package_identification:_identify(src/px4_ros_com/launch) by extension 'colcon_meta'
[0.056s] Level 1:colcon.colcon_core.package_identification:_identify(src/px4_ros_com/launch) by extensions ['python']
[0.056s] Level 1:colcon.colcon_core.package_identification:_identify(src/px4_ros_com/launch) by extension 'python'
[0.056s] Level 1:colcon.colcon_core.package_identification:_identify(src/px4_ros_com/launch) by extensions ['python_setup_py']
[0.056s] Level 1:colcon.colcon_core.package_identification:_identify(src/px4_ros_com/launch) by extension 'python_setup_py'
[0.056s] Level 1:colcon.colcon_core.package_identification:_identify(src/px4_ros_com/px4_ros_com) by extensions ['ignore']
[0.056s] Level 1:colcon.colcon_core.package_identification:_identify(src/px4_ros_com/px4_ros_com) by extension 'ignore'
[0.056s] Level 1:colcon.colcon_core.package_identification:_identify(src/px4_ros_com/px4_ros_com) by extensions ['colcon_pkg']
[0.056s] Level 1:colcon.colcon_core.package_identification:_identify(src/px4_ros_com/px4_ros_com) by extension 'colcon_pkg'
[0.056s] Level 1:colcon.colcon_core.package_identification:_identify(src/px4_ros_com/px4_ros_com) by extensions ['colcon_meta']
[0.056s] Level 1:colcon.colcon_core.package_identification:_identify(src/px4_ros_com/px4_ros_com) by extension 'colcon_meta'
[0.056s] Level 1:colcon.colcon_core.package_identification:_identify(src/px4_ros_com/px4_ros_com) by extensions ['python']
[0.056s] Level 1:colcon.colcon_core.package_identification:_identify(src/px4_ros_com/px4_ros_com) by extension 'python'
[0.056s] Level 1:colcon.colcon_core.package_identification:_identify(src/px4_ros_com/px4_ros_com) by extensions ['python_setup_py']
[0.056s] Level 1:colcon.colcon_core.package_identification:_identify(src/px4_ros_com/px4_ros_com) by extension 'python_setup_py'
[0.056s] Level 1:colcon.colcon_core.package_identification:_identify(src/px4_ros_com/scripts) by extensions ['ignore']
[0.056s] Level 1:colcon.colcon_core.package_identification:_identify(src/px4_ros_com/scripts) by extension 'ignore'
[0.056s] Level 1:colcon.colcon_core.package_identification:_identify(src/px4_ros_com/scripts) by extensions ['colcon_pkg']
[0.056s] Level 1:colcon.colcon_core.package_identification:_identify(src/px4_ros_com/scripts) by extension 'colcon_pkg'
[0.056s] Level 1:colcon.colcon_core.package_identification:_identify(src/px4_ros_com/scripts) by extensions ['colcon_meta']
[0.056s] Level 1:colcon.colcon_core.package_identification:_identify(src/px4_ros_com/scripts) by extension 'colcon_meta'
[0.056s] Level 1:colcon.colcon_core.package_identification:_identify(src/px4_ros_com/scripts) by extensions ['python']
[0.056s] Level 1:colcon.colcon_core.package_identification:_identify(src/px4_ros_com/scripts) by extension 'python'
[0.056s] Level 1:colcon.colcon_core.package_identification:_identify(src/px4_ros_com/scripts) by extensions ['python_setup_py']
[0.056s] Level 1:colcon.colcon_core.package_identification:_identify(src/px4_ros_com/scripts) by extension 'python_setup_py'
[0.056s] Level 1:colcon.colcon_core.package_identification:_identify(src/px4_ros_com/src) by extensions ['ignore']
[0.056s] Level 1:colcon.colcon_core.package_identification:_identify(src/px4_ros_com/src) by extension 'ignore'
[0.056s] Level 1:colcon.colcon_core.package_identification:_identify(src/px4_ros_com/src) by extensions ['colcon_pkg']
[0.056s] Level 1:colcon.colcon_core.package_identification:_identify(src/px4_ros_com/src) by extension 'colcon_pkg'
[0.056s] Level 1:colcon.colcon_core.package_identification:_identify(src/px4_ros_com/src) by extensions ['colcon_meta']
[0.056s] Level 1:colcon.colcon_core.package_identification:_identify(src/px4_ros_com/src) by extension 'colcon_meta'
[0.056s] Level 1:colcon.colcon_core.package_identification:_identify(src/px4_ros_com/src) by extensions ['python']
[0.057s] Level 1:colcon.colcon_core.package_identification:_identify(src/px4_ros_com/src) by extension 'python'
[0.057s] Level 1:colcon.colcon_core.package_identification:_identify(src/px4_ros_com/src) by extensions ['python_setup_py']
[0.057s] Level 1:colcon.colcon_core.package_identification:_identify(src/px4_ros_com/src) by extension 'python_setup_py'
[0.057s] Level 1:colcon.colcon_core.package_identification:_identify(src/px4_ros_com/src/examples) by extensions ['ignore']
[0.057s] Level 1:colcon.colcon_core.package_identification:_identify(src/px4_ros_com/src/examples) by extension 'ignore'
[0.057s] Level 1:colcon.colcon_core.package_identification:_identify(src/px4_ros_com/src/examples) by extensions ['colcon_pkg']
[0.057s] Level 1:colcon.colcon_core.package_identification:_identify(src/px4_ros_com/src/examples) by extension 'colcon_pkg'
[0.057s] Level 1:colcon.colcon_core.package_identification:_identify(src/px4_ros_com/src/examples) by extensions ['colcon_meta']
[0.057s] Level 1:colcon.colcon_core.package_identification:_identify(src/px4_ros_com/src/examples) by extension 'colcon_meta'
[0.057s] Level 1:colcon.colcon_core.package_identification:_identify(src/px4_ros_com/src/examples) by extensions ['python']
[0.057s] Level 1:colcon.colcon_core.package_identification:_identify(src/px4_ros_com/src/examples) by extension 'python'
[0.057s] Level 1:colcon.colcon_core.package_identification:_identify(src/px4_ros_com/src/examples) by extensions ['python_setup_py']
[0.057s] Level 1:colcon.colcon_core.package_identification:_identify(src/px4_ros_com/src/examples) by extension 'python_setup_py'
[0.057s] Level 1:colcon.colcon_core.package_identification:_identify(src/px4_ros_com/src/examples/advertisers) by extensions ['ignore']
[0.057s] Level 1:colcon.colcon_core.package_identification:_identify(src/px4_ros_com/src/examples/advertisers) by extension 'ignore'
[0.057s] Level 1:colcon.colcon_core.package_identification:_identify(src/px4_ros_com/src/examples/advertisers) by extensions ['colcon_pkg']
[0.057s] Level 1:colcon.colcon_core.package_identification:_identify(src/px4_ros_com/src/examples/advertisers) by extension 'colcon_pkg'
[0.057s] Level 1:colcon.colcon_core.package_identification:_identify(src/px4_ros_com/src/examples/advertisers) by extensions ['colcon_meta']
[0.057s] Level 1:colcon.colcon_core.package_identification:_identify(src/px4_ros_com/src/examples/advertisers) by extension 'colcon_meta'
[0.057s] Level 1:colcon.colcon_core.package_identification:_identify(src/px4_ros_com/src/examples/advertisers) by extensions ['python']
[0.057s] Level 1:colcon.colcon_core.package_identification:_identify(src/px4_ros_com/src/examples/advertisers) by extension 'python'
[0.057s] Level 1:colcon.colcon_core.package_identification:_identify(src/px4_ros_com/src/examples/advertisers) by extensions ['python_setup_py']
[0.057s] Level 1:colcon.colcon_core.package_identification:_identify(src/px4_ros_com/src/examples/advertisers) by extension 'python_setup_py'
[0.057s] Level 1:colcon.colcon_core.package_identification:_identify(src/px4_ros_com/src/examples/listeners) by extensions ['ignore']
[0.057s] Level 1:colcon.colcon_core.package_identification:_identify(src/px4_ros_com/src/examples/listeners) by extension 'ignore'
[0.057s] Level 1:colcon.colcon_core.package_identification:_identify(src/px4_ros_com/src/examples/listeners) by extensions ['colcon_pkg']
[0.057s] Level 1:colcon.colcon_core.package_identification:_identify(src/px4_ros_com/src/examples/listeners) by extension 'colcon_pkg'
[0.057s] Level 1:colcon.colcon_core.package_identification:_identify(src/px4_ros_com/src/examples/listeners) by extensions ['colcon_meta']
[0.057s] Level 1:colcon.colcon_core.package_identification:_identify(src/px4_ros_com/src/examples/listeners) by extension 'colcon_meta'
[0.057s] Level 1:colcon.colcon_core.package_identification:_identify(src/px4_ros_com/src/examples/listeners) by extensions ['python']
[0.057s] Level 1:colcon.colcon_core.package_identification:_identify(src/px4_ros_com/src/examples/listeners) by extension 'python'
[0.057s] Level 1:colcon.colcon_core.package_identification:_identify(src/px4_ros_com/src/examples/listeners) by extensions ['python_setup_py']
[0.057s] Level 1:colcon.colcon_core.package_identification:_identify(src/px4_ros_com/src/examples/listeners) by extension 'python_setup_py'
[0.057s] Level 1:colcon.colcon_core.package_identification:_identify(src/px4_ros_com/src/examples/offboard) by extensions ['ignore']
[0.057s] Level 1:colcon.colcon_core.package_identification:_identify(src/px4_ros_com/src/examples/offboard) by extension 'ignore'
[0.057s] Level 1:colcon.colcon_core.package_identification:_identify(src/px4_ros_com/src/examples/offboard) by extensions ['colcon_pkg']
[0.057s] Level 1:colcon.colcon_core.package_identification:_identify(src/px4_ros_com/src/examples/offboard) by extension 'colcon_pkg'
[0.057s] Level 1:colcon.colcon_core.package_identification:_identify(src/px4_ros_com/src/examples/offboard) by extensions ['colcon_meta']
[0.057s] Level 1:colcon.colcon_core.package_identification:_identify(src/px4_ros_com/src/examples/offboard) by extension 'colcon_meta'
[0.057s] Level 1:colcon.colcon_core.package_identification:_identify(src/px4_ros_com/src/examples/offboard) by extensions ['python']
[0.057s] Level 1:colcon.colcon_core.package_identification:_identify(src/px4_ros_com/src/examples/offboard) by extension 'python'
[0.057s] Level 1:colcon.colcon_core.package_identification:_identify(src/px4_ros_com/src/examples/offboard) by extensions ['python_setup_py']
[0.057s] Level 1:colcon.colcon_core.package_identification:_identify(src/px4_ros_com/src/examples/offboard) by extension 'python_setup_py'
[0.057s] Level 1:colcon.colcon_core.package_identification:_identify(src/px4_ros_com/src/examples/offboard_py) by extensions ['ignore']
[0.057s] Level 1:colcon.colcon_core.package_identification:_identify(src/px4_ros_com/src/examples/offboard_py) by extension 'ignore'
[0.057s] Level 1:colcon.colcon_core.package_identification:_identify(src/px4_ros_com/src/examples/offboard_py) by extensions ['colcon_pkg']
[0.057s] Level 1:colcon.colcon_core.package_identification:_identify(src/px4_ros_com/src/examples/offboard_py) by extension 'colcon_pkg'
[0.057s] Level 1:colcon.colcon_core.package_identification:_identify(src/px4_ros_com/src/examples/offboard_py) by extensions ['colcon_meta']
[0.057s] Level 1:colcon.colcon_core.package_identification:_identify(src/px4_ros_com/src/examples/offboard_py) by extension 'colcon_meta'
[0.057s] Level 1:colcon.colcon_core.package_identification:_identify(src/px4_ros_com/src/examples/offboard_py) by extensions ['python']
[0.057s] Level 1:colcon.colcon_core.package_identification:_identify(src/px4_ros_com/src/examples/offboard_py) by extension 'python'
[0.057s] Level 1:colcon.colcon_core.package_identification:_identify(src/px4_ros_com/src/examples/offboard_py) by extensions ['python_setup_py']
[0.057s] Level 1:colcon.colcon_core.package_identification:_identify(src/px4_ros_com/src/examples/offboard_py) by extension 'python_setup_py'
[0.057s] Level 1:colcon.colcon_core.package_identification:_identify(src/px4_ros_com/src/lib) by extensions ['ignore']
[0.057s] Level 1:colcon.colcon_core.package_identification:_identify(src/px4_ros_com/src/lib) by extension 'ignore'
[0.057s] Level 1:colcon.colcon_core.package_identification:_identify(src/px4_ros_com/src/lib) by extensions ['colcon_pkg']
[0.057s] Level 1:colcon.colcon_core.package_identification:_identify(src/px4_ros_com/src/lib) by extension 'colcon_pkg'
[0.057s] Level 1:colcon.colcon_core.package_identification:_identify(src/px4_ros_com/src/lib) by extensions ['colcon_meta']
[0.057s] Level 1:colcon.colcon_core.package_identification:_identify(src/px4_ros_com/src/lib) by extension 'colcon_meta'
[0.058s] Level 1:colcon.colcon_core.package_identification:_identify(src/px4_ros_com/src/lib) by extensions ['python']
[0.058s] Level 1:colcon.colcon_core.package_identification:_identify(src/px4_ros_com/src/lib) by extension 'python'
[0.058s] Level 1:colcon.colcon_core.package_identification:_identify(src/px4_ros_com/src/lib) by extensions ['python_setup_py']
[0.058s] Level 1:colcon.colcon_core.package_identification:_identify(src/px4_ros_com/src/lib) by extension 'python_setup_py'
[0.058s] Level 1:colcon.colcon_core.package_identification:_identify(src/px4_ros_com/test) by extensions ['ignore']
[0.058s] Level 1:colcon.colcon_core.package_identification:_identify(src/px4_ros_com/test) by extension 'ignore'
[0.058s] Level 1:colcon.colcon_core.package_identification:_identify(src/px4_ros_com/test) by extensions ['colcon_pkg']
[0.058s] Level 1:colcon.colcon_core.package_identification:_identify(src/px4_ros_com/test) by extension 'colcon_pkg'
[0.058s] Level 1:colcon.colcon_core.package_identification:_identify(src/px4_ros_com/test) by extensions ['colcon_meta']
[0.058s] Level 1:colcon.colcon_core.package_identification:_identify(src/px4_ros_com/test) by extension 'colcon_meta'
[0.058s] Level 1:colcon.colcon_core.package_identification:_identify(src/px4_ros_com/test) by extensions ['python']
[0.058s] Level 1:colcon.colcon_core.package_identification:_identify(src/px4_ros_com/test) by extension 'python'
[0.058s] Level 1:colcon.colcon_core.package_identification:_identify(src/px4_ros_com/test) by extensions ['python_setup_py']
[0.058s] Level 1:colcon.colcon_core.package_identification:_identify(src/px4_ros_com/test) by extension 'python_setup_py'
[0.058s] Level 1:colcon.colcon_core.package_identification:_identify(src/px4_test) by extensions ['ignore']
[0.058s] Level 1:colcon.colcon_core.package_identification:_identify(src/px4_test) by extension 'ignore'
[0.058s] Level 1:colcon.colcon_core.package_identification:_identify(src/px4_test) by extensions ['colcon_pkg']
[0.058s] Level 1:colcon.colcon_core.package_identification:_identify(src/px4_test) by extension 'colcon_pkg'
[0.058s] Level 1:colcon.colcon_core.package_identification:_identify(src/px4_test) by extensions ['colcon_meta']
[0.058s] Level 1:colcon.colcon_core.package_identification:_identify(src/px4_test) by extension 'colcon_meta'
[0.058s] Level 1:colcon.colcon_core.package_identification:_identify(src/px4_test) by extensions ['python']
[0.058s] Level 1:colcon.colcon_core.package_identification:_identify(src/px4_test) by extension 'python'
[0.058s] Level 1:colcon.colcon_core.package_identification:_identify(src/px4_test) by extensions ['python_setup_py']
[0.058s] Level 1:colcon.colcon_core.package_identification:_identify(src/px4_test) by extension 'python_setup_py'
[0.058s] Level 1:colcon.colcon_core.package_identification:_identify(src/px4_test/config) by extensions ['ignore']
[0.058s] Level 1:colcon.colcon_core.package_identification:_identify(src/px4_test/config) by extension 'ignore'
[0.058s] Level 1:colcon.colcon_core.package_identification:_identify(src/px4_test/config) by extensions ['colcon_pkg']
[0.058s] Level 1:colcon.colcon_core.package_identification:_identify(src/px4_test/config) by extension 'colcon_pkg'
[0.058s] Level 1:colcon.colcon_core.package_identification:_identify(src/px4_test/config) by extensions ['colcon_meta']
[0.058s] Level 1:colcon.colcon_core.package_identification:_identify(src/px4_test/config) by extension 'colcon_meta'
[0.058s] Level 1:colcon.colcon_core.package_identification:_identify(src/px4_test/config) by extensions ['python']
[0.058s] Level 1:colcon.colcon_core.package_identification:_identify(src/px4_test/config) by extension 'python'
[0.058s] Level 1:colcon.colcon_core.package_identification:_identify(src/px4_test/config) by extensions ['python_setup_py']
[0.058s] Level 1:colcon.colcon_core.package_identification:_identify(src/px4_test/config) by extension 'python_setup_py'
[0.058s] Level 1:colcon.colcon_core.package_identification:_identify(src/px4_test/include) by extensions ['ignore']
[0.058s] Level 1:colcon.colcon_core.package_identification:_identify(src/px4_test/include) by extension 'ignore'
[0.058s] Level 1:colcon.colcon_core.package_identification:_identify(src/px4_test/include) by extensions ['colcon_pkg']
[0.058s] Level 1:colcon.colcon_core.package_identification:_identify(src/px4_test/include) by extension 'colcon_pkg'
[0.058s] Level 1:colcon.colcon_core.package_identification:_identify(src/px4_test/include) by extensions ['colcon_meta']
[0.058s] Level 1:colcon.colcon_core.package_identification:_identify(src/px4_test/include) by extension 'colcon_meta'
[0.058s] Level 1:colcon.colcon_core.package_identification:_identify(src/px4_test/include) by extensions ['python']
[0.058s] Level 1:colcon.colcon_core.package_identification:_identify(src/px4_test/include) by extension 'python'
[0.058s] Level 1:colcon.colcon_core.package_identification:_identify(src/px4_test/include) by extensions ['python_setup_py']
[0.058s] Level 1:colcon.colcon_core.package_identification:_identify(src/px4_test/include) by extension 'python_setup_py'
[0.058s] Level 1:colcon.colcon_core.package_identification:_identify(src/px4_test/include/px4_test) by extensions ['ignore']
[0.058s] Level 1:colcon.colcon_core.package_identification:_identify(src/px4_test/include/px4_test) by extension 'ignore'
[0.058s] Level 1:colcon.colcon_core.package_identification:_identify(src/px4_test/include/px4_test) by extensions ['colcon_pkg']
[0.058s] Level 1:colcon.colcon_core.package_identification:_identify(src/px4_test/include/px4_test) by extension 'colcon_pkg'
[0.058s] Level 1:colcon.colcon_core.package_identification:_identify(src/px4_test/include/px4_test) by extensions ['colcon_meta']
[0.058s] Level 1:colcon.colcon_core.package_identification:_identify(src/px4_test/include/px4_test) by extension 'colcon_meta'
[0.058s] Level 1:colcon.colcon_core.package_identification:_identify(src/px4_test/include/px4_test) by extensions ['python']
[0.058s] Level 1:colcon.colcon_core.package_identification:_identify(src/px4_test/include/px4_test) by extension 'python'
[0.058s] Level 1:colcon.colcon_core.package_identification:_identify(src/px4_test/include/px4_test) by extensions ['python_setup_py']
[0.058s] Level 1:colcon.colcon_core.package_identification:_identify(src/px4_test/include/px4_test) by extension 'python_setup_py'
[0.058s] Level 1:colcon.colcon_core.package_identification:_identify(src/px4_test/launch) by extensions ['ignore']
[0.058s] Level 1:colcon.colcon_core.package_identification:_identify(src/px4_test/launch) by extension 'ignore'
[0.058s] Level 1:colcon.colcon_core.package_identification:_identify(src/px4_test/launch) by extensions ['colcon_pkg']
[0.058s] Level 1:colcon.colcon_core.package_identification:_identify(src/px4_test/launch) by extension 'colcon_pkg'
[0.058s] Level 1:colcon.colcon_core.package_identification:_identify(src/px4_test/launch) by extensions ['colcon_meta']
[0.058s] Level 1:colcon.colcon_core.package_identification:_identify(src/px4_test/launch) by extension 'colcon_meta'
[0.058s] Level 1:colcon.colcon_core.package_identification:_identify(src/px4_test/launch) by extensions ['python']
[0.058s] Level 1:colcon.colcon_core.package_identification:_identify(src/px4_test/launch) by extension 'python'
[0.059s] Level 1:colcon.colcon_core.package_identification:_identify(src/px4_test/launch) by extensions ['python_setup_py']
[0.059s] Level 1:colcon.colcon_core.package_identification:_identify(src/px4_test/launch) by extension 'python_setup_py'
[0.059s] Level 1:colcon.colcon_core.package_identification:_identify(src/px4_test/scripts) by extensions ['ignore']
[0.059s] Level 1:colcon.colcon_core.package_identification:_identify(src/px4_test/scripts) by extension 'ignore'
[0.059s] Level 1:colcon.colcon_core.package_identification:_identify(src/px4_test/scripts) by extensions ['colcon_pkg']
[0.059s] Level 1:colcon.colcon_core.package_identification:_identify(src/px4_test/scripts) by extension 'colcon_pkg'
[0.059s] Level 1:colcon.colcon_core.package_identification:_identify(src/px4_test/scripts) by extensions ['colcon_meta']
[0.059s] Level 1:colcon.colcon_core.package_identification:_identify(src/px4_test/scripts) by extension 'colcon_meta'
[0.059s] Level 1:colcon.colcon_core.package_identification:_identify(src/px4_test/scripts) by extensions ['python']
[0.059s] Level 1:colcon.colcon_core.package_identification:_identify(src/px4_test/scripts) by extension 'python'
[0.059s] Level 1:colcon.colcon_core.package_identification:_identify(src/px4_test/scripts) by extensions ['python_setup_py']
[0.059s] Level 1:colcon.colcon_core.package_identification:_identify(src/px4_test/scripts) by extension 'python_setup_py'
[0.059s] Level 1:colcon.colcon_core.package_identification:_identify(src/px4_test/src) by extensions ['ignore']
[0.059s] Level 1:colcon.colcon_core.package_identification:_identify(src/px4_test/src) by extension 'ignore'
[0.059s] Level 1:colcon.colcon_core.package_identification:_identify(src/px4_test/src) by extensions ['colcon_pkg']
[0.059s] Level 1:colcon.colcon_core.package_identification:_identify(src/px4_test/src) by extension 'colcon_pkg'
[0.059s] Level 1:colcon.colcon_core.package_identification:_identify(src/px4_test/src) by extensions ['colcon_meta']
[0.059s] Level 1:colcon.colcon_core.package_identification:_identify(src/px4_test/src) by extension 'colcon_meta'
[0.059s] Level 1:colcon.colcon_core.package_identification:_identify(src/px4_test/src) by extensions ['python']
[0.059s] Level 1:colcon.colcon_core.package_identification:_identify(src/px4_test/src) by extension 'python'
[0.059s] Level 1:colcon.colcon_core.package_identification:_identify(src/px4_test/src) by extensions ['python_setup_py']
[0.059s] Level 1:colcon.colcon_core.package_identification:_identify(src/px4_test/src) by extension 'python_setup_py'
[0.059s] Level 1:colcon.colcon_core.package_identification:_identify(src/px4_test/src/lib) by extensions ['ignore']
[0.059s] Level 1:colcon.colcon_core.package_identification:_identify(src/px4_test/src/lib) by extension 'ignore'
[0.059s] Level 1:colcon.colcon_core.package_identification:_identify(src/px4_test/src/lib) by extensions ['colcon_pkg']
[0.059s] Level 1:colcon.colcon_core.package_identification:_identify(src/px4_test/src/lib) by extension 'colcon_pkg'
[0.059s] Level 1:colcon.colcon_core.package_identification:_identify(src/px4_test/src/lib) by extensions ['colcon_meta']
[0.059s] Level 1:colcon.colcon_core.package_identification:_identify(src/px4_test/src/lib) by extension 'colcon_meta'
[0.059s] Level 1:colcon.colcon_core.package_identification:_identify(src/px4_test/src/lib) by extensions ['python']
[0.059s] Level 1:colcon.colcon_core.package_identification:_identify(src/px4_test/src/lib) by extension 'python'
[0.059s] Level 1:colcon.colcon_core.package_identification:_identify(src/px4_test/src/lib) by extensions ['python_setup_py']
[0.059s] Level 1:colcon.colcon_core.package_identification:_identify(src/px4_test/src/lib) by extension 'python_setup_py'
[0.059s] Level 1:colcon.colcon_core.package_identification:_identify(src/tvc_controller) by extensions ['ignore']
[0.059s] Level 1:colcon.colcon_core.package_identification:_identify(src/tvc_controller) by extension 'ignore'
[0.059s] Level 1:colcon.colcon_core.package_identification:_identify(src/tvc_controller) by extensions ['colcon_pkg']
[0.059s] Level 1:colcon.colcon_core.package_identification:_identify(src/tvc_controller) by extension 'colcon_pkg'
[0.059s] Level 1:colcon.colcon_core.package_identification:_identify(src/tvc_controller) by extensions ['colcon_meta']
[0.059s] Level 1:colcon.colcon_core.package_identification:_identify(src/tvc_controller) by extension 'colcon_meta'
[0.059s] Level 1:colcon.colcon_core.package_identification:_identify(src/tvc_controller) by extensions ['python']
[0.059s] Level 1:colcon.colcon_core.package_identification:_identify(src/tvc_controller) by extension 'python'
[0.059s] DEBUG:colcon.colcon_core.package_identification:Python package in 'src/tvc_controller' passes arguments to the setup() function which requires a different identification extension than 'python'
[0.059s] Level 1:colcon.colcon_core.package_identification:_identify(src/tvc_controller) by extensions ['python_setup_py']
[0.059s] Level 1:colcon.colcon_core.package_identification:_identify(src/tvc_controller) by extension 'python_setup_py'
[0.141s] DEBUG:colcon.colcon_core.package_identification:Package 'src/tvc_controller' with type 'python' and name 'tvc_controller'
[0.141s] Level 1:colcon.colcon_core.package_discovery:discover_packages(recursive) using defaults
[0.150s] WARNING:colcon.colcon_core.package_discovery:ignoring unknown package '' in --packages-ignore
