[0.305s] Invoking command in '/home/yash/px4_ws/src/tvc_controller': PYTHONPATH=/home/yash/px4_ws/build/tvc_controller/prefix_override:/usr/lib/python3/dist-packages/colcon_core/task/python/colcon_distutils_commands:/home/yash/px4_ws/install/tvc_controller/lib/python3.10/site-packages:${PYTHONPATH} /usr/bin/python3 -W ignore:setup.py install is deprecated -W ignore:easy_install command is deprecated setup.py egg_info --egg-base ../../build/tvc_controller build --build-base /home/yash/px4_ws/build/tvc_controller/build install --record /home/yash/px4_ws/build/tvc_controller/install.log --single-version-externally-managed install_data
[0.402s] running egg_info
[0.407s] creating ../../build/tvc_controller/tvc_controller.egg-info
[0.407s] writing ../../build/tvc_controller/tvc_controller.egg-info/PKG-INFO
[0.407s] writing dependency_links to ../../build/tvc_controller/tvc_controller.egg-info/dependency_links.txt
[0.407s] writing entry points to ../../build/tvc_controller/tvc_controller.egg-info/entry_points.txt
[0.407s] writing requirements to ../../build/tvc_controller/tvc_controller.egg-info/requires.txt
[0.407s] writing top-level names to ../../build/tvc_controller/tvc_controller.egg-info/top_level.txt
[0.407s] writing manifest file '../../build/tvc_controller/tvc_controller.egg-info/SOURCES.txt'
[0.418s] reading manifest file '../../build/tvc_controller/tvc_controller.egg-info/SOURCES.txt'
[0.419s] writing manifest file '../../build/tvc_controller/tvc_controller.egg-info/SOURCES.txt'
[0.419s] running build
[0.419s] running build_py
[0.419s] creating /home/yash/px4_ws/build/tvc_controller/build/lib/tvc_controller
[0.419s] copying tvc_controller/simple_controller.py -> /home/yash/px4_ws/build/tvc_controller/build/lib/tvc_controller
[0.419s] copying tvc_controller/lqr.py -> /home/yash/px4_ws/build/tvc_controller/build/lib/tvc_controller
[0.419s] copying tvc_controller/lqr_controller_node.py -> /home/yash/px4_ws/build/tvc_controller/build/lib/tvc_controller
[0.419s] copying tvc_controller/__init__.py -> /home/yash/px4_ws/build/tvc_controller/build/lib/tvc_controller
[0.419s] running install
[0.421s] running install_lib
[0.426s] creating /home/yash/px4_ws/install/tvc_controller/lib/python3.10/site-packages/tvc_controller
[0.426s] copying /home/yash/px4_ws/build/tvc_controller/build/lib/tvc_controller/simple_controller.py -> /home/yash/px4_ws/install/tvc_controller/lib/python3.10/site-packages/tvc_controller
[0.426s] copying /home/yash/px4_ws/build/tvc_controller/build/lib/tvc_controller/lqr.py -> /home/yash/px4_ws/install/tvc_controller/lib/python3.10/site-packages/tvc_controller
[0.426s] copying /home/yash/px4_ws/build/tvc_controller/build/lib/tvc_controller/lqr_controller_node.py -> /home/yash/px4_ws/install/tvc_controller/lib/python3.10/site-packages/tvc_controller
[0.426s] copying /home/yash/px4_ws/build/tvc_controller/build/lib/tvc_controller/__init__.py -> /home/yash/px4_ws/install/tvc_controller/lib/python3.10/site-packages/tvc_controller
[0.426s] byte-compiling /home/yash/px4_ws/install/tvc_controller/lib/python3.10/site-packages/tvc_controller/simple_controller.py to simple_controller.cpython-310.pyc
[0.427s] byte-compiling /home/yash/px4_ws/install/tvc_controller/lib/python3.10/site-packages/tvc_controller/lqr.py to lqr.cpython-310.pyc
[0.427s] byte-compiling /home/yash/px4_ws/install/tvc_controller/lib/python3.10/site-packages/tvc_controller/lqr_controller_node.py to lqr_controller_node.cpython-310.pyc
[0.428s] byte-compiling /home/yash/px4_ws/install/tvc_controller/lib/python3.10/site-packages/tvc_controller/__init__.py to __init__.cpython-310.pyc
[0.428s] running install_data
[0.428s] creating /home/yash/px4_ws/install/tvc_controller/share/ament_index/resource_index/packages
[0.428s] copying resource/tvc_controller -> /home/yash/px4_ws/install/tvc_controller/share/ament_index/resource_index/packages
[0.429s] creating /home/yash/px4_ws/install/tvc_controller/share/tvc_controller
[0.429s] copying package.xml -> /home/yash/px4_ws/install/tvc_controller/share/tvc_controller
[0.429s] creating /home/yash/px4_ws/install/tvc_controller/share/tvc_controller/launch
[0.429s] copying launch/lqr.launch.py -> /home/yash/px4_ws/install/tvc_controller/share/tvc_controller/launch
[0.429s] running install_egg_info
[0.434s] Copying ../../build/tvc_controller/tvc_controller.egg-info to /home/yash/px4_ws/install/tvc_controller/lib/python3.10/site-packages/tvc_controller-0.0.0-py3.10.egg-info
[0.435s] running install_scripts
[0.480s] Installing lqr_px4_controller script to /home/yash/px4_ws/install/tvc_controller/lib/tvc_controller
[0.481s] writing list of installed files to '/home/yash/px4_ws/build/tvc_controller/install.log'
[0.490s] Invoked command in '/home/yash/px4_ws/src/tvc_controller' returned '0': PYTHONPATH=/home/yash/px4_ws/build/tvc_controller/prefix_override:/usr/lib/python3/dist-packages/colcon_core/task/python/colcon_distutils_commands:/home/yash/px4_ws/install/tvc_controller/lib/python3.10/site-packages:${PYTHONPATH} /usr/bin/python3 -W ignore:setup.py install is deprecated -W ignore:easy_install command is deprecated setup.py egg_info --egg-base ../../build/tvc_controller build --build-base /home/yash/px4_ws/build/tvc_controller/build install --record /home/yash/px4_ws/build/tvc_controller/install.log --single-version-externally-managed install_data
