[0.037s] DEBUG:colcon:Command line arguments: ['/usr/bin/colcon', 'list']
[0.037s] DEBUG:colcon:Parsed command line arguments: Namespace(log_base=None, log_level=None, verb_name='list', build_base='build', ignore_user_meta=False, metas=['./colcon.meta'], base_paths=['.'], packages_ignore=None, packages_ignore_regex=None, paths=None, packages_up_to=None, packages_up_to_regex=None, packages_above=None, packages_above_and_dependencies=None, packages_above_depth=None, packages_select_by_dep=None, packages_skip_by_dep=None, packages_skip_up_to=None, packages_select_build_failed=False, packages_skip_build_finished=False, packages_select_test_failures=False, packages_skip_test_passed=False, packages_select=None, packages_skip=None, packages_select_regex=None, packages_skip_regex=None, packages_start=None, packages_end=None, allow_overriding=[], topological_order=False, names_only=False, paths_only=False, topological_graph=False, topological_graph_dot=False, topological_graph_density=False, topological_graph_legend=False, topological_graph_dot_cluster=False, topological_graph_dot_include_skipped=False, verb_parser=<colcon_defaults.argument_parser.defaults.DefaultArgumentsDecorator object at 0x7807afb529e0>, verb_extension=<colcon_package_information.verb.list.ListVerb object at 0x7807afb51ba0>, main=<bound method ListVerb.main of <colcon_package_information.verb.list.ListVerb object at 0x7807afb51ba0>>)
[0.055s] Level 1:colcon.colcon_core.package_discovery:discover_packages(colcon_meta) check parameters
[0.055s] Level 1:colcon.colcon_core.package_discovery:discover_packages(recursive) check parameters
[0.055s] Level 1:colcon.colcon_core.package_discovery:discover_packages(ignore) check parameters
[0.055s] Level 1:colcon.colcon_core.package_discovery:discover_packages(path) check parameters
[0.055s] Level 1:colcon.colcon_core.package_discovery:discover_packages(colcon_meta) discover
[0.055s] Level 1:colcon.colcon_core.package_discovery:discover_packages(recursive) discover
[0.055s] INFO:colcon.colcon_core.package_discovery:Crawling recursively for packages in '/home/yash/px4_ws'
[0.055s] Level 1:colcon.colcon_core.package_identification:_identify(.) by extensions ['ignore', 'ignore_ament_install']
[0.055s] Level 1:colcon.colcon_core.package_identification:_identify(.) by extension 'ignore'
[0.055s] Level 1:colcon.colcon_core.package_identification:_identify(.) by extension 'ignore_ament_install'
[0.055s] Level 1:colcon.colcon_core.package_identification:_identify(.) by extensions ['colcon_pkg']
[0.055s] Level 1:colcon.colcon_core.package_identification:_identify(.) by extension 'colcon_pkg'
[0.055s] Level 1:colcon.colcon_core.package_identification:_identify(.) by extensions ['colcon_meta']
[0.055s] Level 1:colcon.colcon_core.package_identification:_identify(.) by extension 'colcon_meta'
[0.055s] Level 1:colcon.colcon_core.package_identification:_identify(.) by extensions ['ros']
[0.055s] Level 1:colcon.colcon_core.package_identification:_identify(.) by extension 'ros'
[0.062s] Level 1:colcon.colcon_core.package_identification:_identify(.) by extensions ['cmake', 'python']
[0.062s] Level 1:colcon.colcon_core.package_identification:_identify(.) by extension 'cmake'
[0.062s] Level 1:colcon.colcon_core.package_identification:_identify(.) by extension 'python'
[0.062s] Level 1:colcon.colcon_core.package_identification:_identify(.) by extensions ['python_setup_py']
[0.062s] Level 1:colcon.colcon_core.package_identification:_identify(.) by extension 'python_setup_py'
[0.062s] Level 1:colcon.colcon_core.package_identification:_identify(build) by extensions ['ignore', 'ignore_ament_install']
[0.062s] Level 1:colcon.colcon_core.package_identification:_identify(build) by extension 'ignore'
[0.062s] Level 1:colcon.colcon_core.package_identification:_identify(build) ignored
[0.062s] Level 1:colcon.colcon_core.package_identification:_identify(install) by extensions ['ignore', 'ignore_ament_install']
[0.062s] Level 1:colcon.colcon_core.package_identification:_identify(install) by extension 'ignore'
[0.062s] Level 1:colcon.colcon_core.package_identification:_identify(install) ignored
[0.062s] Level 1:colcon.colcon_core.package_identification:_identify(log) by extensions ['ignore', 'ignore_ament_install']
[0.062s] Level 1:colcon.colcon_core.package_identification:_identify(log) by extension 'ignore'
[0.062s] Level 1:colcon.colcon_core.package_identification:_identify(log) ignored
[0.062s] Level 1:colcon.colcon_core.package_identification:_identify(src) by extensions ['ignore', 'ignore_ament_install']
[0.062s] Level 1:colcon.colcon_core.package_identification:_identify(src) by extension 'ignore'
[0.062s] Level 1:colcon.colcon_core.package_identification:_identify(src) by extension 'ignore_ament_install'
[0.062s] Level 1:colcon.colcon_core.package_identification:_identify(src) by extensions ['colcon_pkg']
[0.062s] Level 1:colcon.colcon_core.package_identification:_identify(src) by extension 'colcon_pkg'
[0.062s] Level 1:colcon.colcon_core.package_identification:_identify(src) by extensions ['colcon_meta']
[0.062s] Level 1:colcon.colcon_core.package_identification:_identify(src) by extension 'colcon_meta'
[0.062s] Level 1:colcon.colcon_core.package_identification:_identify(src) by extensions ['ros']
[0.062s] Level 1:colcon.colcon_core.package_identification:_identify(src) by extension 'ros'
[0.062s] Level 1:colcon.colcon_core.package_identification:_identify(src) by extensions ['cmake', 'python']
[0.062s] Level 1:colcon.colcon_core.package_identification:_identify(src) by extension 'cmake'
[0.062s] Level 1:colcon.colcon_core.package_identification:_identify(src) by extension 'python'
[0.062s] Level 1:colcon.colcon_core.package_identification:_identify(src) by extensions ['python_setup_py']
[0.062s] Level 1:colcon.colcon_core.package_identification:_identify(src) by extension 'python_setup_py'
[0.063s] Level 1:colcon.colcon_core.package_identification:_identify(src/px4_msgs) by extensions ['ignore', 'ignore_ament_install']
[0.063s] Level 1:colcon.colcon_core.package_identification:_identify(src/px4_msgs) by extension 'ignore'
[0.063s] Level 1:colcon.colcon_core.package_identification:_identify(src/px4_msgs) by extension 'ignore_ament_install'
[0.063s] Level 1:colcon.colcon_core.package_identification:_identify(src/px4_msgs) by extensions ['colcon_pkg']
[0.063s] Level 1:colcon.colcon_core.package_identification:_identify(src/px4_msgs) by extension 'colcon_pkg'
[0.063s] Level 1:colcon.colcon_core.package_identification:_identify(src/px4_msgs) by extensions ['colcon_meta']
[0.063s] Level 1:colcon.colcon_core.package_identification:_identify(src/px4_msgs) by extension 'colcon_meta'
[0.063s] Level 1:colcon.colcon_core.package_identification:_identify(src/px4_msgs) by extensions ['ros']
[0.063s] Level 1:colcon.colcon_core.package_identification:_identify(src/px4_msgs) by extension 'ros'
[0.065s] DEBUG:colcon.colcon_core.package_identification:Package 'src/px4_msgs' with type 'ros.ament_cmake' and name 'px4_msgs'
[0.065s] Level 1:colcon.colcon_core.package_identification:_identify(src/px4_ros_com) by extensions ['ignore', 'ignore_ament_install']
[0.065s] Level 1:colcon.colcon_core.package_identification:_identify(src/px4_ros_com) by extension 'ignore'
[0.065s] Level 1:colcon.colcon_core.package_identification:_identify(src/px4_ros_com) by extension 'ignore_ament_install'
[0.065s] Level 1:colcon.colcon_core.package_identification:_identify(src/px4_ros_com) by extensions ['colcon_pkg']
[0.066s] Level 1:colcon.colcon_core.package_identification:_identify(src/px4_ros_com) by extension 'colcon_pkg'
[0.066s] Level 1:colcon.colcon_core.package_identification:_identify(src/px4_ros_com) by extensions ['colcon_meta']
[0.066s] Level 1:colcon.colcon_core.package_identification:_identify(src/px4_ros_com) by extension 'colcon_meta'
[0.066s] Level 1:colcon.colcon_core.package_identification:_identify(src/px4_ros_com) by extensions ['ros']
[0.066s] Level 1:colcon.colcon_core.package_identification:_identify(src/px4_ros_com) by extension 'ros'
[0.066s] DEBUG:colcon.colcon_core.package_identification:Package 'src/px4_ros_com' with type 'ros.ament_cmake' and name 'px4_ros_com'
[0.066s] Level 1:colcon.colcon_core.package_identification:_identify(src/px4_test) by extensions ['ignore', 'ignore_ament_install']
[0.066s] Level 1:colcon.colcon_core.package_identification:_identify(src/px4_test) by extension 'ignore'
[0.066s] Level 1:colcon.colcon_core.package_identification:_identify(src/px4_test) by extension 'ignore_ament_install'
[0.066s] Level 1:colcon.colcon_core.package_identification:_identify(src/px4_test) by extensions ['colcon_pkg']
[0.066s] Level 1:colcon.colcon_core.package_identification:_identify(src/px4_test) by extension 'colcon_pkg'
[0.066s] Level 1:colcon.colcon_core.package_identification:_identify(src/px4_test) by extensions ['colcon_meta']
[0.066s] Level 1:colcon.colcon_core.package_identification:_identify(src/px4_test) by extension 'colcon_meta'
[0.066s] Level 1:colcon.colcon_core.package_identification:_identify(src/px4_test) by extensions ['ros']
[0.066s] Level 1:colcon.colcon_core.package_identification:_identify(src/px4_test) by extension 'ros'
[0.067s] DEBUG:colcon.colcon_core.package_identification:Package 'src/px4_test' with type 'ros.ament_cmake' and name 'px4_test'
[0.067s] Level 1:colcon.colcon_core.package_identification:_identify(src/test_pkg) by extensions ['ignore', 'ignore_ament_install']
[0.067s] Level 1:colcon.colcon_core.package_identification:_identify(src/test_pkg) by extension 'ignore'
[0.067s] Level 1:colcon.colcon_core.package_identification:_identify(src/test_pkg) by extension 'ignore_ament_install'
[0.067s] Level 1:colcon.colcon_core.package_identification:_identify(src/test_pkg) by extensions ['colcon_pkg']
[0.067s] Level 1:colcon.colcon_core.package_identification:_identify(src/test_pkg) by extension 'colcon_pkg'
[0.067s] Level 1:colcon.colcon_core.package_identification:_identify(src/test_pkg) by extensions ['colcon_meta']
[0.067s] Level 1:colcon.colcon_core.package_identification:_identify(src/test_pkg) by extension 'colcon_meta'
[0.067s] Level 1:colcon.colcon_core.package_identification:_identify(src/test_pkg) by extensions ['ros']
[0.067s] Level 1:colcon.colcon_core.package_identification:_identify(src/test_pkg) by extension 'ros'
[0.068s] DEBUG:colcon.colcon_core.package_identification:Package 'src/test_pkg' with type 'ros.ament_cmake' and name 'test_pkg'
[0.068s] Level 1:colcon.colcon_core.package_identification:_identify(src/tvc_controller) by extensions ['ignore', 'ignore_ament_install']
[0.068s] Level 1:colcon.colcon_core.package_identification:_identify(src/tvc_controller) by extension 'ignore'
[0.068s] Level 1:colcon.colcon_core.package_identification:_identify(src/tvc_controller) by extension 'ignore_ament_install'
[0.068s] Level 1:colcon.colcon_core.package_identification:_identify(src/tvc_controller) by extensions ['colcon_pkg']
[0.068s] Level 1:colcon.colcon_core.package_identification:_identify(src/tvc_controller) by extension 'colcon_pkg'
[0.068s] Level 1:colcon.colcon_core.package_identification:_identify(src/tvc_controller) by extensions ['colcon_meta']
[0.068s] Level 1:colcon.colcon_core.package_identification:_identify(src/tvc_controller) by extension 'colcon_meta'
[0.068s] Level 1:colcon.colcon_core.package_identification:_identify(src/tvc_controller) by extensions ['ros']
[0.068s] Level 1:colcon.colcon_core.package_identification:_identify(src/tvc_controller) by extension 'ros'
[0.068s] DEBUG:colcon.colcon_core.package_identification:Package 'src/tvc_controller' with type 'ros.ament_python' and name 'tvc_controller'
[0.068s] Level 1:colcon.colcon_core.package_discovery:discover_packages(recursive) using defaults
[0.068s] Level 1:colcon.colcon_core.package_discovery:discover_packages(ignore) discover
[0.068s] Level 1:colcon.colcon_core.package_discovery:discover_packages(ignore) using defaults
[0.068s] Level 1:colcon.colcon_core.package_discovery:discover_packages(path) discover
[0.068s] Level 1:colcon.colcon_core.package_discovery:discover_packages(path) using defaults
