[0.006s] Invoking command in '/home/yash/px4_ws/build/px4_ros_com': CMAKE_PREFIX_PATH=/home/yash/px4_ws/install/px4_msgs:/home/yash/px4_ws/install/test_pkg:/home/yash/px4_ws/install/px4_test:/home/yash/px4_ws/install/px4_ros_com:/home/yash/px4_ws/install/tvc_controller:/opt/ros/humble LD_LIBRARY_PATH=/home/yash/px4_ws/install/px4_msgs/lib:/home/yash/px4_ws/install/px4_test/lib:/home/yash/px4_ws/install/px4_ros_com/lib:/opt/ros/humble/opt/rviz_ogre_vendor/lib:/opt/ros/humble/lib/x86_64-linux-gnu:/opt/ros/humble/lib:/home/yash/acados/lib:/usr/local/lib/coin-or /opt/cmake-3.28.1/bin/cmake --build /home/yash/px4_ws/build/px4_ros_com -- -j28 -l28
[0.020s] [  0%] Built target ament_cmake_python_copy_px4_ros_com
[0.022s] [ 16%] Built target offboard_control_srv
[0.022s] [ 33%] Built target frame_transforms
[0.023s] [ 50%] Built target vehicle_gps_position_listener
[0.023s] [ 66%] Built target sensor_combined_listener
[0.023s] [ 83%] Built target debug_vect_advertiser
[0.023s] [100%] Built target offboard_control
[0.115s] running egg_info
[0.121s] writing px4_ros_com.egg-info/PKG-INFO
[0.122s] writing dependency_links to px4_ros_com.egg-info/dependency_links.txt
[0.122s] writing top-level names to px4_ros_com.egg-info/top_level.txt
[0.141s] reading manifest file 'px4_ros_com.egg-info/SOURCES.txt'
[0.142s] writing manifest file 'px4_ros_com.egg-info/SOURCES.txt'
[0.153s] [100%] Built target ament_cmake_python_build_px4_ros_com_egg
[0.156s] Invoked command in '/home/yash/px4_ws/build/px4_ros_com' returned '0': CMAKE_PREFIX_PATH=/home/yash/px4_ws/install/px4_msgs:/home/yash/px4_ws/install/test_pkg:/home/yash/px4_ws/install/px4_test:/home/yash/px4_ws/install/px4_ros_com:/home/yash/px4_ws/install/tvc_controller:/opt/ros/humble LD_LIBRARY_PATH=/home/yash/px4_ws/install/px4_msgs/lib:/home/yash/px4_ws/install/px4_test/lib:/home/yash/px4_ws/install/px4_ros_com/lib:/opt/ros/humble/opt/rviz_ogre_vendor/lib:/opt/ros/humble/lib/x86_64-linux-gnu:/opt/ros/humble/lib:/home/yash/acados/lib:/usr/local/lib/coin-or /opt/cmake-3.28.1/bin/cmake --build /home/yash/px4_ws/build/px4_ros_com -- -j28 -l28
[0.156s] Invoking command in '/home/yash/px4_ws/build/px4_ros_com': CMAKE_PREFIX_PATH=/home/yash/px4_ws/install/px4_msgs:/home/yash/px4_ws/install/test_pkg:/home/yash/px4_ws/install/px4_test:/home/yash/px4_ws/install/px4_ros_com:/home/yash/px4_ws/install/tvc_controller:/opt/ros/humble LD_LIBRARY_PATH=/home/yash/px4_ws/install/px4_msgs/lib:/home/yash/px4_ws/install/px4_test/lib:/home/yash/px4_ws/install/px4_ros_com/lib:/opt/ros/humble/opt/rviz_ogre_vendor/lib:/opt/ros/humble/lib/x86_64-linux-gnu:/opt/ros/humble/lib:/home/yash/acados/lib:/usr/local/lib/coin-or /opt/cmake-3.28.1/bin/cmake --install /home/yash/px4_ws/build/px4_ros_com
[0.158s] -- Install configuration: ""
[0.158s] -- Up-to-date: /home/yash/px4_ws/install/px4_ros_com/lib/px4_ros_com/sensor_combined_listener
[0.158s] -- Up-to-date: /home/yash/px4_ws/install/px4_ros_com/lib/px4_ros_com/vehicle_gps_position_listener
[0.158s] -- Up-to-date: /home/yash/px4_ws/install/px4_ros_com/lib/px4_ros_com/debug_vect_advertiser
[0.158s] -- Up-to-date: /home/yash/px4_ws/install/px4_ros_com/lib/px4_ros_com/offboard_control
[0.158s] -- Up-to-date: /home/yash/px4_ws/install/px4_ros_com/lib/px4_ros_com/offboard_control_srv
[0.159s] -- Up-to-date: /home/yash/px4_ws/install/px4_ros_com/share/px4_ros_com/environment/library_path.sh
[0.159s] -- Up-to-date: /home/yash/px4_ws/install/px4_ros_com/share/px4_ros_com/environment/library_path.dsv
[0.159s] -- Up-to-date: /home/yash/px4_ws/install/px4_ros_com/include/px4_ros_com
[0.159s] -- Up-to-date: /home/yash/px4_ws/install/px4_ros_com/include/px4_ros_com/frame_transforms.h
[0.159s] -- Up-to-date: /home/yash/px4_ws/install/px4_ros_com/lib/libframe_transforms.so
[0.159s] -- Up-to-date: /home/yash/px4_ws/install/px4_ros_com/share/px4_ros_com//launch
[0.159s] -- Up-to-date: /home/yash/px4_ws/install/px4_ros_com/share/px4_ros_com//launch/offboard_control_launch.yaml
[0.159s] -- Up-to-date: /home/yash/px4_ws/install/px4_ros_com/share/px4_ros_com//launch/sensor_combined_listener.launch.py
[0.159s] -- Up-to-date: /home/yash/px4_ws/install/px4_ros_com/share/px4_ros_com//test
[0.159s] -- Up-to-date: /home/yash/px4_ws/install/px4_ros_com/share/px4_ros_com//test/test_input.py
[0.159s] -- Up-to-date: /home/yash/px4_ws/install/px4_ros_com/share/px4_ros_com//test/pipeline_io_test.py
[0.159s] -- Up-to-date: /home/yash/px4_ws/install/px4_ros_com/share/px4_ros_com//test/__init__.py
[0.159s] -- Up-to-date: /home/yash/px4_ws/install/px4_ros_com/share/px4_ros_com//test/test_output.py
[0.159s] -- Up-to-date: /home/yash/px4_ws/install/px4_ros_com/share/px4_ros_com/environment/pythonpath.sh
[0.159s] -- Up-to-date: /home/yash/px4_ws/install/px4_ros_com/share/px4_ros_com/environment/pythonpath.dsv
[0.159s] -- Up-to-date: /home/yash/px4_ws/install/px4_ros_com/local/lib/python3.10/dist-packages/px4_ros_com-0.1.0-py3.10.egg-info
[0.159s] -- Installing: /home/yash/px4_ws/install/px4_ros_com/local/lib/python3.10/dist-packages/px4_ros_com-0.1.0-py3.10.egg-info/top_level.txt
[0.159s] -- Installing: /home/yash/px4_ws/install/px4_ros_com/local/lib/python3.10/dist-packages/px4_ros_com-0.1.0-py3.10.egg-info/SOURCES.txt
[0.159s] -- Installing: /home/yash/px4_ws/install/px4_ros_com/local/lib/python3.10/dist-packages/px4_ros_com-0.1.0-py3.10.egg-info/dependency_links.txt
[0.159s] -- Installing: /home/yash/px4_ws/install/px4_ros_com/local/lib/python3.10/dist-packages/px4_ros_com-0.1.0-py3.10.egg-info/PKG-INFO
[0.159s] -- Up-to-date: /home/yash/px4_ws/install/px4_ros_com/local/lib/python3.10/dist-packages/px4_ros_com
[0.159s] -- Up-to-date: /home/yash/px4_ws/install/px4_ros_com/local/lib/python3.10/dist-packages/px4_ros_com/module_to_import.py
[0.159s] -- Up-to-date: /home/yash/px4_ws/install/px4_ros_com/local/lib/python3.10/dist-packages/px4_ros_com/__init__.py
[0.177s] Listing '/home/yash/px4_ws/install/px4_ros_com/local/lib/python3.10/dist-packages/px4_ros_com'...
[0.179s] -- Up-to-date: /home/yash/px4_ws/install/px4_ros_com/lib/px4_ros_com/offboard_control.py
[0.179s] -- Up-to-date: /home/yash/px4_ws/install/px4_ros_com/share/ament_index/resource_index/package_run_dependencies/px4_ros_com
[0.179s] -- Up-to-date: /home/yash/px4_ws/install/px4_ros_com/share/ament_index/resource_index/parent_prefix_path/px4_ros_com
[0.179s] -- Up-to-date: /home/yash/px4_ws/install/px4_ros_com/share/px4_ros_com/environment/ament_prefix_path.sh
[0.179s] -- Up-to-date: /home/yash/px4_ws/install/px4_ros_com/share/px4_ros_com/environment/ament_prefix_path.dsv
[0.179s] -- Up-to-date: /home/yash/px4_ws/install/px4_ros_com/share/px4_ros_com/environment/path.sh
[0.179s] -- Up-to-date: /home/yash/px4_ws/install/px4_ros_com/share/px4_ros_com/environment/path.dsv
[0.179s] -- Up-to-date: /home/yash/px4_ws/install/px4_ros_com/share/px4_ros_com/local_setup.bash
[0.179s] -- Up-to-date: /home/yash/px4_ws/install/px4_ros_com/share/px4_ros_com/local_setup.sh
[0.179s] -- Up-to-date: /home/yash/px4_ws/install/px4_ros_com/share/px4_ros_com/local_setup.zsh
[0.179s] -- Up-to-date: /home/yash/px4_ws/install/px4_ros_com/share/px4_ros_com/local_setup.dsv
[0.179s] -- Installing: /home/yash/px4_ws/install/px4_ros_com/share/px4_ros_com/package.dsv
[0.179s] -- Up-to-date: /home/yash/px4_ws/install/px4_ros_com/share/ament_index/resource_index/packages/px4_ros_com
[0.179s] -- Up-to-date: /home/yash/px4_ws/install/px4_ros_com/share/px4_ros_com/cmake/export_frame_transformsExport.cmake
[0.179s] -- Up-to-date: /home/yash/px4_ws/install/px4_ros_com/share/px4_ros_com/cmake/export_frame_transformsExport-noconfig.cmake
[0.179s] -- Up-to-date: /home/yash/px4_ws/install/px4_ros_com/share/px4_ros_com/cmake/ament_cmake_export_dependencies-extras.cmake
[0.179s] -- Up-to-date: /home/yash/px4_ws/install/px4_ros_com/share/px4_ros_com/cmake/ament_cmake_export_targets-extras.cmake
[0.179s] -- Up-to-date: /home/yash/px4_ws/install/px4_ros_com/share/px4_ros_com/cmake/ament_cmake_export_include_directories-extras.cmake
[0.180s] -- Up-to-date: /home/yash/px4_ws/install/px4_ros_com/share/px4_ros_com/cmake/ament_cmake_export_libraries-extras.cmake
[0.180s] -- Up-to-date: /home/yash/px4_ws/install/px4_ros_com/share/px4_ros_com/cmake/px4_ros_comConfig.cmake
[0.180s] -- Up-to-date: /home/yash/px4_ws/install/px4_ros_com/share/px4_ros_com/cmake/px4_ros_comConfig-version.cmake
[0.180s] -- Up-to-date: /home/yash/px4_ws/install/px4_ros_com/share/px4_ros_com/package.xml
[0.180s] Invoked command in '/home/yash/px4_ws/build/px4_ros_com' returned '0': CMAKE_PREFIX_PATH=/home/yash/px4_ws/install/px4_msgs:/home/yash/px4_ws/install/test_pkg:/home/yash/px4_ws/install/px4_test:/home/yash/px4_ws/install/px4_ros_com:/home/yash/px4_ws/install/tvc_controller:/opt/ros/humble LD_LIBRARY_PATH=/home/yash/px4_ws/install/px4_msgs/lib:/home/yash/px4_ws/install/px4_test/lib:/home/yash/px4_ws/install/px4_ros_com/lib:/opt/ros/humble/opt/rviz_ogre_vendor/lib:/opt/ros/humble/lib/x86_64-linux-gnu:/opt/ros/humble/lib:/home/yash/acados/lib:/usr/local/lib/coin-or /opt/cmake-3.28.1/bin/cmake --install /home/yash/px4_ws/build/px4_ros_com
