running egg_info
writing ../../build/tvc_controller/tvc_controller.egg-info/PKG-INFO
writing dependency_links to ../../build/tvc_controller/tvc_controller.egg-info/dependency_links.txt
writing entry points to ../../build/tvc_controller/tvc_controller.egg-info/entry_points.txt
writing requirements to ../../build/tvc_controller/tvc_controller.egg-info/requires.txt
writing top-level names to ../../build/tvc_controller/tvc_controller.egg-info/top_level.txt
reading manifest file '../../build/tvc_controller/tvc_controller.egg-info/SOURCES.txt'
writing manifest file '../../build/tvc_controller/tvc_controller.egg-info/SOURCES.txt'
running build
running build_py
copying tvc_controller/simple_controller.py -> /home/yash/px4_ws/build/tvc_controller/build/lib/tvc_controller
copying tvc_controller/lqr.py -> /home/yash/px4_ws/build/tvc_controller/build/lib/tvc_controller
copying tvc_controller/lqr_controller_node.py -> /home/yash/px4_ws/build/tvc_controller/build/lib/tvc_controller
copying tvc_controller/__init__.py -> /home/yash/px4_ws/build/tvc_controller/build/lib/tvc_controller
copying tvc_controller/lqr_2.py -> /home/yash/px4_ws/build/tvc_controller/build/lib/tvc_controller
running install
running install_lib
copying /home/yash/px4_ws/build/tvc_controller/build/lib/tvc_controller/lqr.py -> /home/yash/px4_ws/install/tvc_controller/lib/python3.10/site-packages/tvc_controller
copying /home/yash/px4_ws/build/tvc_controller/build/lib/tvc_controller/lqr_controller_node.py -> /home/yash/px4_ws/install/tvc_controller/lib/python3.10/site-packages/tvc_controller
byte-compiling /home/yash/px4_ws/install/tvc_controller/lib/python3.10/site-packages/tvc_controller/lqr.py to lqr.cpython-310.pyc
byte-compiling /home/yash/px4_ws/install/tvc_controller/lib/python3.10/site-packages/tvc_controller/lqr_controller_node.py to lqr_controller_node.cpython-310.pyc
running install_data
copying resource/tvc_controller -> /home/yash/px4_ws/install/tvc_controller/share/ament_index/resource_index/packages
copying package.xml -> /home/yash/px4_ws/install/tvc_controller/share/tvc_controller
copying launch/lqr.launch.py -> /home/yash/px4_ws/install/tvc_controller/share/tvc_controller/launch
running install_egg_info
removing '/home/yash/px4_ws/install/tvc_controller/lib/python3.10/site-packages/tvc_controller-0.0.0-py3.10.egg-info' (and everything under it)
Copying ../../build/tvc_controller/tvc_controller.egg-info to /home/yash/px4_ws/install/tvc_controller/lib/python3.10/site-packages/tvc_controller-0.0.0-py3.10.egg-info
running install_scripts
Installing lqr_px4_controller script to /home/yash/px4_ws/install/tvc_controller/lib/tvc_controller
writing list of installed files to '/home/yash/px4_ws/build/tvc_controller/install.log'
