[0.356s] Invoking command in '/home/yash/px4_ws/src/tvc_controller': CMAKE_PREFIX_PATH=/home/yash/px4_ws/install/px4_msgs:/home/yash/px4_ws/install/test_pkg:/home/yash/px4_ws/install/px4_test:/home/yash/px4_ws/install/px4_ros_com LD_LIBRARY_PATH=/home/yash/px4_ws/install/px4_msgs/lib:/home/yash/px4_ws/install/px4_test/lib:/home/yash/px4_ws/install/px4_ros_com/lib:/opt/ros/humble/opt/rviz_ogre_vendor/lib:/opt/ros/humble/lib/x86_64-linux-gnu:/opt/ros/humble/lib:/home/yash/acados/lib:/usr/local/lib/coin-or PYTHONPATH=/home/yash/px4_ws/build/tvc_controller/prefix_override:/usr/lib/python3/dist-packages/colcon_core/task/python/colcon_distutils_commands:/home/yash/px4_ws/install/tvc_controller/lib/python3.10/site-packages:${PYTHONPATH} /usr/bin/python3 -W ignore:setup.py install is deprecated -W ignore:easy_install command is deprecated setup.py egg_info --egg-base ../../build/tvc_controller build --build-base /home/yash/px4_ws/build/tvc_controller/build install --record /home/yash/px4_ws/build/tvc_controller/install.log --single-version-externally-managed install_data
[0.467s] running egg_info
[0.473s] writing ../../build/tvc_controller/tvc_controller.egg-info/PKG-INFO
[0.474s] writing dependency_links to ../../build/tvc_controller/tvc_controller.egg-info/dependency_links.txt
[0.474s] writing entry points to ../../build/tvc_controller/tvc_controller.egg-info/entry_points.txt
[0.474s] writing requirements to ../../build/tvc_controller/tvc_controller.egg-info/requires.txt
[0.474s] writing top-level names to ../../build/tvc_controller/tvc_controller.egg-info/top_level.txt
[0.486s] reading manifest file '../../build/tvc_controller/tvc_controller.egg-info/SOURCES.txt'
[0.486s] writing manifest file '../../build/tvc_controller/tvc_controller.egg-info/SOURCES.txt'
[0.486s] running build
[0.486s] running build_py
[0.487s] copying tvc_controller/simple_controller.py -> /home/yash/px4_ws/build/tvc_controller/build/lib/tvc_controller
[0.487s] copying tvc_controller/lqr.py -> /home/yash/px4_ws/build/tvc_controller/build/lib/tvc_controller
[0.487s] copying tvc_controller/lqr_controller_node.py -> /home/yash/px4_ws/build/tvc_controller/build/lib/tvc_controller
[0.487s] copying tvc_controller/__init__.py -> /home/yash/px4_ws/build/tvc_controller/build/lib/tvc_controller
[0.487s] copying tvc_controller/lqr_2.py -> /home/yash/px4_ws/build/tvc_controller/build/lib/tvc_controller
[0.487s] running install
[0.489s] running install_lib
[0.495s] copying /home/yash/px4_ws/build/tvc_controller/build/lib/tvc_controller/lqr_controller_node.py -> /home/yash/px4_ws/install/tvc_controller/lib/python3.10/site-packages/tvc_controller
[0.495s] byte-compiling /home/yash/px4_ws/install/tvc_controller/lib/python3.10/site-packages/tvc_controller/lqr_controller_node.py to lqr_controller_node.cpython-310.pyc
[0.497s] running install_data
[0.497s] copying resource/tvc_controller -> /home/yash/px4_ws/install/tvc_controller/share/ament_index/resource_index/packages
[0.497s] copying package.xml -> /home/yash/px4_ws/install/tvc_controller/share/tvc_controller
[0.497s] copying launch/lqr.launch.py -> /home/yash/px4_ws/install/tvc_controller/share/tvc_controller/launch
[0.497s] running install_egg_info
[0.503s] removing '/home/yash/px4_ws/install/tvc_controller/lib/python3.10/site-packages/tvc_controller-0.0.0-py3.10.egg-info' (and everything under it)
[0.503s] Copying ../../build/tvc_controller/tvc_controller.egg-info to /home/yash/px4_ws/install/tvc_controller/lib/python3.10/site-packages/tvc_controller-0.0.0-py3.10.egg-info
[0.504s] running install_scripts
[0.570s] Installing lqr_px4_controller script to /home/yash/px4_ws/install/tvc_controller/lib/tvc_controller
[0.570s] writing list of installed files to '/home/yash/px4_ws/build/tvc_controller/install.log'
[0.593s] Invoked command in '/home/yash/px4_ws/src/tvc_controller' returned '0': CMAKE_PREFIX_PATH=/home/yash/px4_ws/install/px4_msgs:/home/yash/px4_ws/install/test_pkg:/home/yash/px4_ws/install/px4_test:/home/yash/px4_ws/install/px4_ros_com LD_LIBRARY_PATH=/home/yash/px4_ws/install/px4_msgs/lib:/home/yash/px4_ws/install/px4_test/lib:/home/yash/px4_ws/install/px4_ros_com/lib:/opt/ros/humble/opt/rviz_ogre_vendor/lib:/opt/ros/humble/lib/x86_64-linux-gnu:/opt/ros/humble/lib:/home/yash/acados/lib:/usr/local/lib/coin-or PYTHONPATH=/home/yash/px4_ws/build/tvc_controller/prefix_override:/usr/lib/python3/dist-packages/colcon_core/task/python/colcon_distutils_commands:/home/yash/px4_ws/install/tvc_controller/lib/python3.10/site-packages:${PYTHONPATH} /usr/bin/python3 -W ignore:setup.py install is deprecated -W ignore:easy_install command is deprecated setup.py egg_info --egg-base ../../build/tvc_controller build --build-base /home/yash/px4_ws/build/tvc_controller/build install --record /home/yash/px4_ws/build/tvc_controller/install.log --single-version-externally-managed install_data
