[0.036s] DEBUG:colcon:Command line arguments: ['/usr/bin/colcon', 'list', '--base-paths', 'src/px4_msgs']
[0.036s] DEBUG:colcon:Parsed command line arguments: Namespace(log_base=None, log_level=None, verb_name='list', build_base='build', ignore_user_meta=False, metas=['./colcon.meta'], base_paths=['src/px4_msgs'], packages_ignore=None, packages_ignore_regex=None, paths=None, packages_up_to=None, packages_up_to_regex=None, packages_above=None, packages_above_and_dependencies=None, packages_above_depth=None, packages_select_by_dep=None, packages_skip_by_dep=None, packages_skip_up_to=None, packages_select_build_failed=False, packages_skip_build_finished=False, packages_select_test_failures=False, packages_skip_test_passed=False, packages_select=None, packages_skip=None, packages_select_regex=None, packages_skip_regex=None, packages_start=None, packages_end=None, allow_overriding=[], topological_order=False, names_only=False, paths_only=False, topological_graph=False, topological_graph_dot=False, topological_graph_density=False, topological_graph_legend=False, topological_graph_dot_cluster=False, topological_graph_dot_include_skipped=False, verb_parser=<colcon_defaults.argument_parser.defaults.DefaultArgumentsDecorator object at 0x7c9ff210d540>, verb_extension=<colcon_package_information.verb.list.ListVerb object at 0x7c9ff210c700>, main=<bound method ListVerb.main of <colcon_package_information.verb.list.ListVerb object at 0x7c9ff210c700>>)
[0.053s] Level 1:colcon.colcon_core.package_discovery:discover_packages(colcon_meta) check parameters
[0.053s] Level 1:colcon.colcon_core.package_discovery:discover_packages(recursive) check parameters
[0.053s] Level 1:colcon.colcon_core.package_discovery:discover_packages(ignore) check parameters
[0.053s] Level 1:colcon.colcon_core.package_discovery:discover_packages(path) check parameters
[0.053s] Level 1:colcon.colcon_core.package_discovery:discover_packages(recursive) discover
[0.053s] INFO:colcon.colcon_core.package_discovery:Crawling recursively for packages in '/home/yash/px4_ws/src/px4_msgs'
[0.053s] Level 1:colcon.colcon_core.package_identification:_identify(src/px4_msgs) by extensions ['ignore']
[0.054s] Level 1:colcon.colcon_core.package_identification:_identify(src/px4_msgs) by extension 'ignore'
[0.054s] Level 1:colcon.colcon_core.package_identification:_identify(src/px4_msgs) by extensions ['colcon_pkg']
[0.054s] Level 1:colcon.colcon_core.package_identification:_identify(src/px4_msgs) by extension 'colcon_pkg'
[0.054s] Level 1:colcon.colcon_core.package_identification:_identify(src/px4_msgs) by extensions ['colcon_meta']
[0.054s] Level 1:colcon.colcon_core.package_identification:_identify(src/px4_msgs) by extension 'colcon_meta'
[0.054s] Level 1:colcon.colcon_core.package_identification:_identify(src/px4_msgs) by extensions ['python']
[0.054s] Level 1:colcon.colcon_core.package_identification:_identify(src/px4_msgs) by extension 'python'
[0.054s] Level 1:colcon.colcon_core.package_identification:_identify(src/px4_msgs) by extensions ['python_setup_py']
[0.054s] Level 1:colcon.colcon_core.package_identification:_identify(src/px4_msgs) by extension 'python_setup_py'
[0.054s] Level 1:colcon.colcon_core.package_identification:_identify(src/px4_msgs/msg) by extensions ['ignore']
[0.054s] Level 1:colcon.colcon_core.package_identification:_identify(src/px4_msgs/msg) by extension 'ignore'
[0.054s] Level 1:colcon.colcon_core.package_identification:_identify(src/px4_msgs/msg) by extensions ['colcon_pkg']
[0.054s] Level 1:colcon.colcon_core.package_identification:_identify(src/px4_msgs/msg) by extension 'colcon_pkg'
[0.054s] Level 1:colcon.colcon_core.package_identification:_identify(src/px4_msgs/msg) by extensions ['colcon_meta']
[0.054s] Level 1:colcon.colcon_core.package_identification:_identify(src/px4_msgs/msg) by extension 'colcon_meta'
[0.054s] Level 1:colcon.colcon_core.package_identification:_identify(src/px4_msgs/msg) by extensions ['python']
[0.054s] Level 1:colcon.colcon_core.package_identification:_identify(src/px4_msgs/msg) by extension 'python'
[0.054s] Level 1:colcon.colcon_core.package_identification:_identify(src/px4_msgs/msg) by extensions ['python_setup_py']
[0.054s] Level 1:colcon.colcon_core.package_identification:_identify(src/px4_msgs/msg) by extension 'python_setup_py'
[0.054s] Level 1:colcon.colcon_core.package_identification:_identify(src/px4_msgs/srv) by extensions ['ignore']
[0.054s] Level 1:colcon.colcon_core.package_identification:_identify(src/px4_msgs/srv) by extension 'ignore'
[0.054s] Level 1:colcon.colcon_core.package_identification:_identify(src/px4_msgs/srv) by extensions ['colcon_pkg']
[0.054s] Level 1:colcon.colcon_core.package_identification:_identify(src/px4_msgs/srv) by extension 'colcon_pkg'
[0.054s] Level 1:colcon.colcon_core.package_identification:_identify(src/px4_msgs/srv) by extensions ['colcon_meta']
[0.054s] Level 1:colcon.colcon_core.package_identification:_identify(src/px4_msgs/srv) by extension 'colcon_meta'
[0.054s] Level 1:colcon.colcon_core.package_identification:_identify(src/px4_msgs/srv) by extensions ['python']
[0.054s] Level 1:colcon.colcon_core.package_identification:_identify(src/px4_msgs/srv) by extension 'python'
[0.054s] Level 1:colcon.colcon_core.package_identification:_identify(src/px4_msgs/srv) by extensions ['python_setup_py']
[0.054s] Level 1:colcon.colcon_core.package_identification:_identify(src/px4_msgs/srv) by extension 'python_setup_py'
[0.054s] Level 1:colcon.colcon_core.package_discovery:discover_packages(recursive) using defaults
