/home/yash/px4_ws/install/tvc_controller/lib/python3.10/site-packages/tvc_controller/simple_controller.py
/home/yash/px4_ws/install/tvc_controller/lib/python3.10/site-packages/tvc_controller/lqr.py
/home/yash/px4_ws/install/tvc_controller/lib/python3.10/site-packages/tvc_controller/lqr_controller_node.py
/home/yash/px4_ws/install/tvc_controller/lib/python3.10/site-packages/tvc_controller/__init__.py
/home/yash/px4_ws/install/tvc_controller/lib/python3.10/site-packages/tvc_controller/lqr_2.py
/home/yash/px4_ws/install/tvc_controller/lib/python3.10/site-packages/tvc_controller/__pycache__/simple_controller.cpython-310.pyc
/home/yash/px4_ws/install/tvc_controller/lib/python3.10/site-packages/tvc_controller/__pycache__/lqr.cpython-310.pyc
/home/yash/px4_ws/install/tvc_controller/lib/python3.10/site-packages/tvc_controller/__pycache__/lqr_controller_node.cpython-310.pyc
/home/yash/px4_ws/install/tvc_controller/lib/python3.10/site-packages/tvc_controller/__pycache__/__init__.cpython-310.pyc
/home/yash/px4_ws/install/tvc_controller/lib/python3.10/site-packages/tvc_controller/__pycache__/lqr_2.cpython-310.pyc
/home/yash/px4_ws/install/tvc_controller/share/ament_index/resource_index/packages/tvc_controller
/home/yash/px4_ws/install/tvc_controller/share/tvc_controller/package.xml
/home/yash/px4_ws/install/tvc_controller/share/tvc_controller/launch/lqr.launch.py
/home/yash/px4_ws/install/tvc_controller/lib/python3.10/site-packages/tvc_controller-0.0.0-py3.10.egg-info/top_level.txt
/home/yash/px4_ws/install/tvc_controller/lib/python3.10/site-packages/tvc_controller-0.0.0-py3.10.egg-info/requires.txt
/home/yash/px4_ws/install/tvc_controller/lib/python3.10/site-packages/tvc_controller-0.0.0-py3.10.egg-info/zip-safe
/home/yash/px4_ws/install/tvc_controller/lib/python3.10/site-packages/tvc_controller-0.0.0-py3.10.egg-info/SOURCES.txt
/home/yash/px4_ws/install/tvc_controller/lib/python3.10/site-packages/tvc_controller-0.0.0-py3.10.egg-info/entry_points.txt
/home/yash/px4_ws/install/tvc_controller/lib/python3.10/site-packages/tvc_controller-0.0.0-py3.10.egg-info/dependency_links.txt
/home/yash/px4_ws/install/tvc_controller/lib/python3.10/site-packages/tvc_controller-0.0.0-py3.10.egg-info/PKG-INFO
/home/yash/px4_ws/install/tvc_controller/lib/tvc_controller/lqr_px4_controller
