[0.039s] DEBUG:colcon:Command line arguments: ['/usr/bin/colcon', 'build']
[0.039s] DEBUG:colcon:Parsed command line arguments: Namespace(log_base=None, log_level=None, verb_name='build', build_base='build', install_base='install', merge_install=False, symlink_install=False, test_result_base=None, continue_on_error=False, executor='parallel', parallel_workers=28, event_handlers=None, ignore_user_meta=False, metas=['./colcon.meta'], base_paths=['.'], packages_ignore=None, packages_ignore_regex=None, paths=None, packages_up_to=None, packages_up_to_regex=None, packages_above=None, packages_above_and_dependencies=None, packages_above_depth=None, packages_select_by_dep=None, packages_skip_by_dep=None, packages_skip_up_to=None, packages_select_build_failed=False, packages_skip_build_finished=False, packages_select_test_failures=False, packages_skip_test_passed=False, packages_select=None, packages_skip=None, packages_select_regex=None, packages_skip_regex=None, packages_start=None, packages_end=None, allow_overriding=[], verb_parser=<colcon_defaults.argument_parser.defaults.DefaultArgumentsDecorator object at 0x7e086820cbb0>, verb_extension=<colcon_core.verb.build.BuildVerb object at 0x7e086820c5b0>, main=<bound method BuildVerb.main of <colcon_core.verb.build.BuildVerb object at 0x7e086820c5b0>>)
[0.056s] Level 1:colcon.colcon_core.package_discovery:discover_packages(colcon_meta) check parameters
[0.056s] Level 1:colcon.colcon_core.package_discovery:discover_packages(recursive) check parameters
[0.056s] Level 1:colcon.colcon_core.package_discovery:discover_packages(ignore) check parameters
[0.056s] Level 1:colcon.colcon_core.package_discovery:discover_packages(path) check parameters
[0.056s] Level 1:colcon.colcon_core.package_discovery:discover_packages(colcon_meta) discover
[0.056s] Level 1:colcon.colcon_core.package_discovery:discover_packages(recursive) discover
[0.056s] INFO:colcon.colcon_core.package_discovery:Crawling recursively for packages in '/home/yash/px4_ws'
[0.056s] Level 1:colcon.colcon_core.package_identification:_identify(.) by extensions ['ignore']
[0.057s] Level 1:colcon.colcon_core.package_identification:_identify(.) by extension 'ignore'
[0.057s] Level 1:colcon.colcon_core.package_identification:_identify(.) by extensions ['colcon_pkg']
[0.057s] Level 1:colcon.colcon_core.package_identification:_identify(.) by extension 'colcon_pkg'
[0.057s] Level 1:colcon.colcon_core.package_identification:_identify(.) by extensions ['colcon_meta']
[0.057s] Level 1:colcon.colcon_core.package_identification:_identify(.) by extension 'colcon_meta'
[0.057s] Level 1:colcon.colcon_core.package_identification:_identify(.) by extensions ['python']
[0.057s] Level 1:colcon.colcon_core.package_identification:_identify(.) by extension 'python'
[0.057s] Level 1:colcon.colcon_core.package_identification:_identify(.) by extensions ['python_setup_py']
[0.057s] Level 1:colcon.colcon_core.package_identification:_identify(.) by extension 'python_setup_py'
[0.057s] Level 1:colcon.colcon_core.package_identification:_identify(build) by extensions ['ignore']
[0.057s] Level 1:colcon.colcon_core.package_identification:_identify(build) by extension 'ignore'
[0.057s] Level 1:colcon.colcon_core.package_identification:_identify(build) ignored
[0.057s] Level 1:colcon.colcon_core.package_identification:_identify(install) by extensions ['ignore']
[0.057s] Level 1:colcon.colcon_core.package_identification:_identify(install) by extension 'ignore'
[0.057s] Level 1:colcon.colcon_core.package_identification:_identify(install) ignored
[0.057s] Level 1:colcon.colcon_core.package_identification:_identify(log) by extensions ['ignore']
[0.057s] Level 1:colcon.colcon_core.package_identification:_identify(log) by extension 'ignore'
[0.057s] Level 1:colcon.colcon_core.package_identification:_identify(log) ignored
[0.057s] Level 1:colcon.colcon_core.package_identification:_identify(src) by extensions ['ignore']
[0.057s] Level 1:colcon.colcon_core.package_identification:_identify(src) by extension 'ignore'
[0.057s] Level 1:colcon.colcon_core.package_identification:_identify(src) by extensions ['colcon_pkg']
[0.057s] Level 1:colcon.colcon_core.package_identification:_identify(src) by extension 'colcon_pkg'
[0.057s] Level 1:colcon.colcon_core.package_identification:_identify(src) by extensions ['colcon_meta']
[0.057s] Level 1:colcon.colcon_core.package_identification:_identify(src) by extension 'colcon_meta'
[0.057s] Level 1:colcon.colcon_core.package_identification:_identify(src) by extensions ['python']
[0.057s] Level 1:colcon.colcon_core.package_identification:_identify(src) by extension 'python'
[0.057s] Level 1:colcon.colcon_core.package_identification:_identify(src) by extensions ['python_setup_py']
[0.057s] Level 1:colcon.colcon_core.package_identification:_identify(src) by extension 'python_setup_py'
[0.057s] Level 1:colcon.colcon_core.package_identification:_identify(src/px4_msgs) by extensions ['ignore']
[0.057s] Level 1:colcon.colcon_core.package_identification:_identify(src/px4_msgs) by extension 'ignore'
[0.057s] Level 1:colcon.colcon_core.package_identification:_identify(src/px4_msgs) by extensions ['colcon_pkg']
[0.057s] Level 1:colcon.colcon_core.package_identification:_identify(src/px4_msgs) by extension 'colcon_pkg'
[0.057s] Level 1:colcon.colcon_core.package_identification:_identify(src/px4_msgs) by extensions ['colcon_meta']
[0.057s] Level 1:colcon.colcon_core.package_identification:_identify(src/px4_msgs) by extension 'colcon_meta'
[0.057s] Level 1:colcon.colcon_core.package_identification:_identify(src/px4_msgs) by extensions ['python']
[0.057s] Level 1:colcon.colcon_core.package_identification:_identify(src/px4_msgs) by extension 'python'
[0.057s] Level 1:colcon.colcon_core.package_identification:_identify(src/px4_msgs) by extensions ['python_setup_py']
[0.057s] Level 1:colcon.colcon_core.package_identification:_identify(src/px4_msgs) by extension 'python_setup_py'
[0.057s] Level 1:colcon.colcon_core.package_identification:_identify(src/px4_msgs/msg) by extensions ['ignore']
[0.057s] Level 1:colcon.colcon_core.package_identification:_identify(src/px4_msgs/msg) by extension 'ignore'
[0.057s] Level 1:colcon.colcon_core.package_identification:_identify(src/px4_msgs/msg) by extensions ['colcon_pkg']
[0.057s] Level 1:colcon.colcon_core.package_identification:_identify(src/px4_msgs/msg) by extension 'colcon_pkg'
[0.057s] Level 1:colcon.colcon_core.package_identification:_identify(src/px4_msgs/msg) by extensions ['colcon_meta']
[0.057s] Level 1:colcon.colcon_core.package_identification:_identify(src/px4_msgs/msg) by extension 'colcon_meta'
[0.057s] Level 1:colcon.colcon_core.package_identification:_identify(src/px4_msgs/msg) by extensions ['python']
[0.057s] Level 1:colcon.colcon_core.package_identification:_identify(src/px4_msgs/msg) by extension 'python'
[0.057s] Level 1:colcon.colcon_core.package_identification:_identify(src/px4_msgs/msg) by extensions ['python_setup_py']
[0.057s] Level 1:colcon.colcon_core.package_identification:_identify(src/px4_msgs/msg) by extension 'python_setup_py'
[0.058s] Level 1:colcon.colcon_core.package_identification:_identify(src/px4_msgs/srv) by extensions ['ignore']
[0.058s] Level 1:colcon.colcon_core.package_identification:_identify(src/px4_msgs/srv) by extension 'ignore'
[0.058s] Level 1:colcon.colcon_core.package_identification:_identify(src/px4_msgs/srv) by extensions ['colcon_pkg']
[0.058s] Level 1:colcon.colcon_core.package_identification:_identify(src/px4_msgs/srv) by extension 'colcon_pkg'
[0.058s] Level 1:colcon.colcon_core.package_identification:_identify(src/px4_msgs/srv) by extensions ['colcon_meta']
[0.058s] Level 1:colcon.colcon_core.package_identification:_identify(src/px4_msgs/srv) by extension 'colcon_meta'
[0.058s] Level 1:colcon.colcon_core.package_identification:_identify(src/px4_msgs/srv) by extensions ['python']
[0.058s] Level 1:colcon.colcon_core.package_identification:_identify(src/px4_msgs/srv) by extension 'python'
[0.058s] Level 1:colcon.colcon_core.package_identification:_identify(src/px4_msgs/srv) by extensions ['python_setup_py']
[0.058s] Level 1:colcon.colcon_core.package_identification:_identify(src/px4_msgs/srv) by extension 'python_setup_py'
[0.058s] Level 1:colcon.colcon_core.package_identification:_identify(src/px4_ros_com) by extensions ['ignore']
[0.058s] Level 1:colcon.colcon_core.package_identification:_identify(src/px4_ros_com) by extension 'ignore'
[0.058s] Level 1:colcon.colcon_core.package_identification:_identify(src/px4_ros_com) by extensions ['colcon_pkg']
[0.058s] Level 1:colcon.colcon_core.package_identification:_identify(src/px4_ros_com) by extension 'colcon_pkg'
[0.058s] Level 1:colcon.colcon_core.package_identification:_identify(src/px4_ros_com) by extensions ['colcon_meta']
[0.058s] Level 1:colcon.colcon_core.package_identification:_identify(src/px4_ros_com) by extension 'colcon_meta'
[0.058s] Level 1:colcon.colcon_core.package_identification:_identify(src/px4_ros_com) by extensions ['python']
[0.058s] Level 1:colcon.colcon_core.package_identification:_identify(src/px4_ros_com) by extension 'python'
[0.058s] Level 1:colcon.colcon_core.package_identification:_identify(src/px4_ros_com) by extensions ['python_setup_py']
[0.058s] Level 1:colcon.colcon_core.package_identification:_identify(src/px4_ros_com) by extension 'python_setup_py'
[0.058s] Level 1:colcon.colcon_core.package_identification:_identify(src/px4_ros_com/include) by extensions ['ignore']
[0.058s] Level 1:colcon.colcon_core.package_identification:_identify(src/px4_ros_com/include) by extension 'ignore'
[0.058s] Level 1:colcon.colcon_core.package_identification:_identify(src/px4_ros_com/include) by extensions ['colcon_pkg']
[0.058s] Level 1:colcon.colcon_core.package_identification:_identify(src/px4_ros_com/include) by extension 'colcon_pkg'
[0.058s] Level 1:colcon.colcon_core.package_identification:_identify(src/px4_ros_com/include) by extensions ['colcon_meta']
[0.058s] Level 1:colcon.colcon_core.package_identification:_identify(src/px4_ros_com/include) by extension 'colcon_meta'
[0.058s] Level 1:colcon.colcon_core.package_identification:_identify(src/px4_ros_com/include) by extensions ['python']
[0.058s] Level 1:colcon.colcon_core.package_identification:_identify(src/px4_ros_com/include) by extension 'python'
[0.058s] Level 1:colcon.colcon_core.package_identification:_identify(src/px4_ros_com/include) by extensions ['python_setup_py']
[0.058s] Level 1:colcon.colcon_core.package_identification:_identify(src/px4_ros_com/include) by extension 'python_setup_py'
[0.058s] Level 1:colcon.colcon_core.package_identification:_identify(src/px4_ros_com/include/px4_ros_com) by extensions ['ignore']
[0.058s] Level 1:colcon.colcon_core.package_identification:_identify(src/px4_ros_com/include/px4_ros_com) by extension 'ignore'
[0.058s] Level 1:colcon.colcon_core.package_identification:_identify(src/px4_ros_com/include/px4_ros_com) by extensions ['colcon_pkg']
[0.058s] Level 1:colcon.colcon_core.package_identification:_identify(src/px4_ros_com/include/px4_ros_com) by extension 'colcon_pkg'
[0.058s] Level 1:colcon.colcon_core.package_identification:_identify(src/px4_ros_com/include/px4_ros_com) by extensions ['colcon_meta']
[0.058s] Level 1:colcon.colcon_core.package_identification:_identify(src/px4_ros_com/include/px4_ros_com) by extension 'colcon_meta'
[0.058s] Level 1:colcon.colcon_core.package_identification:_identify(src/px4_ros_com/include/px4_ros_com) by extensions ['python']
[0.058s] Level 1:colcon.colcon_core.package_identification:_identify(src/px4_ros_com/include/px4_ros_com) by extension 'python'
[0.058s] Level 1:colcon.colcon_core.package_identification:_identify(src/px4_ros_com/include/px4_ros_com) by extensions ['python_setup_py']
[0.058s] Level 1:colcon.colcon_core.package_identification:_identify(src/px4_ros_com/include/px4_ros_com) by extension 'python_setup_py'
[0.058s] Level 1:colcon.colcon_core.package_identification:_identify(src/px4_ros_com/launch) by extensions ['ignore']
[0.058s] Level 1:colcon.colcon_core.package_identification:_identify(src/px4_ros_com/launch) by extension 'ignore'
[0.058s] Level 1:colcon.colcon_core.package_identification:_identify(src/px4_ros_com/launch) by extensions ['colcon_pkg']
[0.058s] Level 1:colcon.colcon_core.package_identification:_identify(src/px4_ros_com/launch) by extension 'colcon_pkg'
[0.058s] Level 1:colcon.colcon_core.package_identification:_identify(src/px4_ros_com/launch) by extensions ['colcon_meta']
[0.058s] Level 1:colcon.colcon_core.package_identification:_identify(src/px4_ros_com/launch) by extension 'colcon_meta'
[0.058s] Level 1:colcon.colcon_core.package_identification:_identify(src/px4_ros_com/launch) by extensions ['python']
[0.058s] Level 1:colcon.colcon_core.package_identification:_identify(src/px4_ros_com/launch) by extension 'python'
[0.058s] Level 1:colcon.colcon_core.package_identification:_identify(src/px4_ros_com/launch) by extensions ['python_setup_py']
[0.058s] Level 1:colcon.colcon_core.package_identification:_identify(src/px4_ros_com/launch) by extension 'python_setup_py'
[0.058s] Level 1:colcon.colcon_core.package_identification:_identify(src/px4_ros_com/px4_ros_com) by extensions ['ignore']
[0.058s] Level 1:colcon.colcon_core.package_identification:_identify(src/px4_ros_com/px4_ros_com) by extension 'ignore'
[0.058s] Level 1:colcon.colcon_core.package_identification:_identify(src/px4_ros_com/px4_ros_com) by extensions ['colcon_pkg']
[0.058s] Level 1:colcon.colcon_core.package_identification:_identify(src/px4_ros_com/px4_ros_com) by extension 'colcon_pkg'
[0.058s] Level 1:colcon.colcon_core.package_identification:_identify(src/px4_ros_com/px4_ros_com) by extensions ['colcon_meta']
[0.058s] Level 1:colcon.colcon_core.package_identification:_identify(src/px4_ros_com/px4_ros_com) by extension 'colcon_meta'
[0.058s] Level 1:colcon.colcon_core.package_identification:_identify(src/px4_ros_com/px4_ros_com) by extensions ['python']
[0.058s] Level 1:colcon.colcon_core.package_identification:_identify(src/px4_ros_com/px4_ros_com) by extension 'python'
[0.058s] Level 1:colcon.colcon_core.package_identification:_identify(src/px4_ros_com/px4_ros_com) by extensions ['python_setup_py']
[0.058s] Level 1:colcon.colcon_core.package_identification:_identify(src/px4_ros_com/px4_ros_com) by extension 'python_setup_py'
[0.059s] Level 1:colcon.colcon_core.package_identification:_identify(src/px4_ros_com/scripts) by extensions ['ignore']
[0.059s] Level 1:colcon.colcon_core.package_identification:_identify(src/px4_ros_com/scripts) by extension 'ignore'
[0.059s] Level 1:colcon.colcon_core.package_identification:_identify(src/px4_ros_com/scripts) by extensions ['colcon_pkg']
[0.059s] Level 1:colcon.colcon_core.package_identification:_identify(src/px4_ros_com/scripts) by extension 'colcon_pkg'
[0.059s] Level 1:colcon.colcon_core.package_identification:_identify(src/px4_ros_com/scripts) by extensions ['colcon_meta']
[0.059s] Level 1:colcon.colcon_core.package_identification:_identify(src/px4_ros_com/scripts) by extension 'colcon_meta'
[0.059s] Level 1:colcon.colcon_core.package_identification:_identify(src/px4_ros_com/scripts) by extensions ['python']
[0.059s] Level 1:colcon.colcon_core.package_identification:_identify(src/px4_ros_com/scripts) by extension 'python'
[0.059s] Level 1:colcon.colcon_core.package_identification:_identify(src/px4_ros_com/scripts) by extensions ['python_setup_py']
[0.059s] Level 1:colcon.colcon_core.package_identification:_identify(src/px4_ros_com/scripts) by extension 'python_setup_py'
[0.059s] Level 1:colcon.colcon_core.package_identification:_identify(src/px4_ros_com/src) by extensions ['ignore']
[0.059s] Level 1:colcon.colcon_core.package_identification:_identify(src/px4_ros_com/src) by extension 'ignore'
[0.059s] Level 1:colcon.colcon_core.package_identification:_identify(src/px4_ros_com/src) by extensions ['colcon_pkg']
[0.059s] Level 1:colcon.colcon_core.package_identification:_identify(src/px4_ros_com/src) by extension 'colcon_pkg'
[0.059s] Level 1:colcon.colcon_core.package_identification:_identify(src/px4_ros_com/src) by extensions ['colcon_meta']
[0.059s] Level 1:colcon.colcon_core.package_identification:_identify(src/px4_ros_com/src) by extension 'colcon_meta'
[0.059s] Level 1:colcon.colcon_core.package_identification:_identify(src/px4_ros_com/src) by extensions ['python']
[0.059s] Level 1:colcon.colcon_core.package_identification:_identify(src/px4_ros_com/src) by extension 'python'
[0.059s] Level 1:colcon.colcon_core.package_identification:_identify(src/px4_ros_com/src) by extensions ['python_setup_py']
[0.059s] Level 1:colcon.colcon_core.package_identification:_identify(src/px4_ros_com/src) by extension 'python_setup_py'
[0.059s] Level 1:colcon.colcon_core.package_identification:_identify(src/px4_ros_com/src/examples) by extensions ['ignore']
[0.059s] Level 1:colcon.colcon_core.package_identification:_identify(src/px4_ros_com/src/examples) by extension 'ignore'
[0.059s] Level 1:colcon.colcon_core.package_identification:_identify(src/px4_ros_com/src/examples) by extensions ['colcon_pkg']
[0.059s] Level 1:colcon.colcon_core.package_identification:_identify(src/px4_ros_com/src/examples) by extension 'colcon_pkg'
[0.059s] Level 1:colcon.colcon_core.package_identification:_identify(src/px4_ros_com/src/examples) by extensions ['colcon_meta']
[0.059s] Level 1:colcon.colcon_core.package_identification:_identify(src/px4_ros_com/src/examples) by extension 'colcon_meta'
[0.059s] Level 1:colcon.colcon_core.package_identification:_identify(src/px4_ros_com/src/examples) by extensions ['python']
[0.059s] Level 1:colcon.colcon_core.package_identification:_identify(src/px4_ros_com/src/examples) by extension 'python'
[0.059s] Level 1:colcon.colcon_core.package_identification:_identify(src/px4_ros_com/src/examples) by extensions ['python_setup_py']
[0.059s] Level 1:colcon.colcon_core.package_identification:_identify(src/px4_ros_com/src/examples) by extension 'python_setup_py'
[0.059s] Level 1:colcon.colcon_core.package_identification:_identify(src/px4_ros_com/src/examples/advertisers) by extensions ['ignore']
[0.059s] Level 1:colcon.colcon_core.package_identification:_identify(src/px4_ros_com/src/examples/advertisers) by extension 'ignore'
[0.059s] Level 1:colcon.colcon_core.package_identification:_identify(src/px4_ros_com/src/examples/advertisers) by extensions ['colcon_pkg']
[0.059s] Level 1:colcon.colcon_core.package_identification:_identify(src/px4_ros_com/src/examples/advertisers) by extension 'colcon_pkg'
[0.059s] Level 1:colcon.colcon_core.package_identification:_identify(src/px4_ros_com/src/examples/advertisers) by extensions ['colcon_meta']
[0.059s] Level 1:colcon.colcon_core.package_identification:_identify(src/px4_ros_com/src/examples/advertisers) by extension 'colcon_meta'
[0.059s] Level 1:colcon.colcon_core.package_identification:_identify(src/px4_ros_com/src/examples/advertisers) by extensions ['python']
[0.059s] Level 1:colcon.colcon_core.package_identification:_identify(src/px4_ros_com/src/examples/advertisers) by extension 'python'
[0.059s] Level 1:colcon.colcon_core.package_identification:_identify(src/px4_ros_com/src/examples/advertisers) by extensions ['python_setup_py']
[0.059s] Level 1:colcon.colcon_core.package_identification:_identify(src/px4_ros_com/src/examples/advertisers) by extension 'python_setup_py'
[0.059s] Level 1:colcon.colcon_core.package_identification:_identify(src/px4_ros_com/src/examples/listeners) by extensions ['ignore']
[0.059s] Level 1:colcon.colcon_core.package_identification:_identify(src/px4_ros_com/src/examples/listeners) by extension 'ignore'
[0.059s] Level 1:colcon.colcon_core.package_identification:_identify(src/px4_ros_com/src/examples/listeners) by extensions ['colcon_pkg']
[0.059s] Level 1:colcon.colcon_core.package_identification:_identify(src/px4_ros_com/src/examples/listeners) by extension 'colcon_pkg'
[0.059s] Level 1:colcon.colcon_core.package_identification:_identify(src/px4_ros_com/src/examples/listeners) by extensions ['colcon_meta']
[0.059s] Level 1:colcon.colcon_core.package_identification:_identify(src/px4_ros_com/src/examples/listeners) by extension 'colcon_meta'
[0.059s] Level 1:colcon.colcon_core.package_identification:_identify(src/px4_ros_com/src/examples/listeners) by extensions ['python']
[0.059s] Level 1:colcon.colcon_core.package_identification:_identify(src/px4_ros_com/src/examples/listeners) by extension 'python'
[0.059s] Level 1:colcon.colcon_core.package_identification:_identify(src/px4_ros_com/src/examples/listeners) by extensions ['python_setup_py']
[0.059s] Level 1:colcon.colcon_core.package_identification:_identify(src/px4_ros_com/src/examples/listeners) by extension 'python_setup_py'
[0.059s] Level 1:colcon.colcon_core.package_identification:_identify(src/px4_ros_com/src/examples/offboard) by extensions ['ignore']
[0.059s] Level 1:colcon.colcon_core.package_identification:_identify(src/px4_ros_com/src/examples/offboard) by extension 'ignore'
[0.059s] Level 1:colcon.colcon_core.package_identification:_identify(src/px4_ros_com/src/examples/offboard) by extensions ['colcon_pkg']
[0.059s] Level 1:colcon.colcon_core.package_identification:_identify(src/px4_ros_com/src/examples/offboard) by extension 'colcon_pkg'
[0.059s] Level 1:colcon.colcon_core.package_identification:_identify(src/px4_ros_com/src/examples/offboard) by extensions ['colcon_meta']
[0.059s] Level 1:colcon.colcon_core.package_identification:_identify(src/px4_ros_com/src/examples/offboard) by extension 'colcon_meta'
[0.059s] Level 1:colcon.colcon_core.package_identification:_identify(src/px4_ros_com/src/examples/offboard) by extensions ['python']
[0.059s] Level 1:colcon.colcon_core.package_identification:_identify(src/px4_ros_com/src/examples/offboard) by extension 'python'
[0.059s] Level 1:colcon.colcon_core.package_identification:_identify(src/px4_ros_com/src/examples/offboard) by extensions ['python_setup_py']
[0.059s] Level 1:colcon.colcon_core.package_identification:_identify(src/px4_ros_com/src/examples/offboard) by extension 'python_setup_py'
[0.060s] Level 1:colcon.colcon_core.package_identification:_identify(src/px4_ros_com/src/examples/offboard_py) by extensions ['ignore']
[0.060s] Level 1:colcon.colcon_core.package_identification:_identify(src/px4_ros_com/src/examples/offboard_py) by extension 'ignore'
[0.060s] Level 1:colcon.colcon_core.package_identification:_identify(src/px4_ros_com/src/examples/offboard_py) by extensions ['colcon_pkg']
[0.060s] Level 1:colcon.colcon_core.package_identification:_identify(src/px4_ros_com/src/examples/offboard_py) by extension 'colcon_pkg'
[0.060s] Level 1:colcon.colcon_core.package_identification:_identify(src/px4_ros_com/src/examples/offboard_py) by extensions ['colcon_meta']
[0.060s] Level 1:colcon.colcon_core.package_identification:_identify(src/px4_ros_com/src/examples/offboard_py) by extension 'colcon_meta'
[0.060s] Level 1:colcon.colcon_core.package_identification:_identify(src/px4_ros_com/src/examples/offboard_py) by extensions ['python']
[0.060s] Level 1:colcon.colcon_core.package_identification:_identify(src/px4_ros_com/src/examples/offboard_py) by extension 'python'
[0.060s] Level 1:colcon.colcon_core.package_identification:_identify(src/px4_ros_com/src/examples/offboard_py) by extensions ['python_setup_py']
[0.060s] Level 1:colcon.colcon_core.package_identification:_identify(src/px4_ros_com/src/examples/offboard_py) by extension 'python_setup_py'
[0.060s] Level 1:colcon.colcon_core.package_identification:_identify(src/px4_ros_com/src/lib) by extensions ['ignore']
[0.060s] Level 1:colcon.colcon_core.package_identification:_identify(src/px4_ros_com/src/lib) by extension 'ignore'
[0.060s] Level 1:colcon.colcon_core.package_identification:_identify(src/px4_ros_com/src/lib) by extensions ['colcon_pkg']
[0.060s] Level 1:colcon.colcon_core.package_identification:_identify(src/px4_ros_com/src/lib) by extension 'colcon_pkg'
[0.060s] Level 1:colcon.colcon_core.package_identification:_identify(src/px4_ros_com/src/lib) by extensions ['colcon_meta']
[0.060s] Level 1:colcon.colcon_core.package_identification:_identify(src/px4_ros_com/src/lib) by extension 'colcon_meta'
[0.060s] Level 1:colcon.colcon_core.package_identification:_identify(src/px4_ros_com/src/lib) by extensions ['python']
[0.060s] Level 1:colcon.colcon_core.package_identification:_identify(src/px4_ros_com/src/lib) by extension 'python'
[0.060s] Level 1:colcon.colcon_core.package_identification:_identify(src/px4_ros_com/src/lib) by extensions ['python_setup_py']
[0.060s] Level 1:colcon.colcon_core.package_identification:_identify(src/px4_ros_com/src/lib) by extension 'python_setup_py'
[0.060s] Level 1:colcon.colcon_core.package_identification:_identify(src/px4_ros_com/test) by extensions ['ignore']
[0.060s] Level 1:colcon.colcon_core.package_identification:_identify(src/px4_ros_com/test) by extension 'ignore'
[0.060s] Level 1:colcon.colcon_core.package_identification:_identify(src/px4_ros_com/test) by extensions ['colcon_pkg']
[0.060s] Level 1:colcon.colcon_core.package_identification:_identify(src/px4_ros_com/test) by extension 'colcon_pkg'
[0.060s] Level 1:colcon.colcon_core.package_identification:_identify(src/px4_ros_com/test) by extensions ['colcon_meta']
[0.060s] Level 1:colcon.colcon_core.package_identification:_identify(src/px4_ros_com/test) by extension 'colcon_meta'
[0.060s] Level 1:colcon.colcon_core.package_identification:_identify(src/px4_ros_com/test) by extensions ['python']
[0.060s] Level 1:colcon.colcon_core.package_identification:_identify(src/px4_ros_com/test) by extension 'python'
[0.060s] Level 1:colcon.colcon_core.package_identification:_identify(src/px4_ros_com/test) by extensions ['python_setup_py']
[0.060s] Level 1:colcon.colcon_core.package_identification:_identify(src/px4_ros_com/test) by extension 'python_setup_py'
[0.060s] Level 1:colcon.colcon_core.package_identification:_identify(src/px4_test) by extensions ['ignore']
[0.060s] Level 1:colcon.colcon_core.package_identification:_identify(src/px4_test) by extension 'ignore'
[0.060s] Level 1:colcon.colcon_core.package_identification:_identify(src/px4_test) by extensions ['colcon_pkg']
[0.060s] Level 1:colcon.colcon_core.package_identification:_identify(src/px4_test) by extension 'colcon_pkg'
[0.060s] Level 1:colcon.colcon_core.package_identification:_identify(src/px4_test) by extensions ['colcon_meta']
[0.060s] Level 1:colcon.colcon_core.package_identification:_identify(src/px4_test) by extension 'colcon_meta'
[0.060s] Level 1:colcon.colcon_core.package_identification:_identify(src/px4_test) by extensions ['python']
[0.060s] Level 1:colcon.colcon_core.package_identification:_identify(src/px4_test) by extension 'python'
[0.060s] Level 1:colcon.colcon_core.package_identification:_identify(src/px4_test) by extensions ['python_setup_py']
[0.060s] Level 1:colcon.colcon_core.package_identification:_identify(src/px4_test) by extension 'python_setup_py'
[0.060s] Level 1:colcon.colcon_core.package_identification:_identify(src/px4_test/config) by extensions ['ignore']
[0.060s] Level 1:colcon.colcon_core.package_identification:_identify(src/px4_test/config) by extension 'ignore'
[0.060s] Level 1:colcon.colcon_core.package_identification:_identify(src/px4_test/config) by extensions ['colcon_pkg']
[0.060s] Level 1:colcon.colcon_core.package_identification:_identify(src/px4_test/config) by extension 'colcon_pkg'
[0.060s] Level 1:colcon.colcon_core.package_identification:_identify(src/px4_test/config) by extensions ['colcon_meta']
[0.060s] Level 1:colcon.colcon_core.package_identification:_identify(src/px4_test/config) by extension 'colcon_meta'
[0.060s] Level 1:colcon.colcon_core.package_identification:_identify(src/px4_test/config) by extensions ['python']
[0.060s] Level 1:colcon.colcon_core.package_identification:_identify(src/px4_test/config) by extension 'python'
[0.060s] Level 1:colcon.colcon_core.package_identification:_identify(src/px4_test/config) by extensions ['python_setup_py']
[0.060s] Level 1:colcon.colcon_core.package_identification:_identify(src/px4_test/config) by extension 'python_setup_py'
[0.060s] Level 1:colcon.colcon_core.package_identification:_identify(src/px4_test/include) by extensions ['ignore']
[0.060s] Level 1:colcon.colcon_core.package_identification:_identify(src/px4_test/include) by extension 'ignore'
[0.060s] Level 1:colcon.colcon_core.package_identification:_identify(src/px4_test/include) by extensions ['colcon_pkg']
[0.060s] Level 1:colcon.colcon_core.package_identification:_identify(src/px4_test/include) by extension 'colcon_pkg'
[0.060s] Level 1:colcon.colcon_core.package_identification:_identify(src/px4_test/include) by extensions ['colcon_meta']
[0.060s] Level 1:colcon.colcon_core.package_identification:_identify(src/px4_test/include) by extension 'colcon_meta'
[0.060s] Level 1:colcon.colcon_core.package_identification:_identify(src/px4_test/include) by extensions ['python']
[0.060s] Level 1:colcon.colcon_core.package_identification:_identify(src/px4_test/include) by extension 'python'
[0.060s] Level 1:colcon.colcon_core.package_identification:_identify(src/px4_test/include) by extensions ['python_setup_py']
[0.060s] Level 1:colcon.colcon_core.package_identification:_identify(src/px4_test/include) by extension 'python_setup_py'
[0.060s] Level 1:colcon.colcon_core.package_identification:_identify(src/px4_test/include/px4_test) by extensions ['ignore']
[0.061s] Level 1:colcon.colcon_core.package_identification:_identify(src/px4_test/include/px4_test) by extension 'ignore'
[0.061s] Level 1:colcon.colcon_core.package_identification:_identify(src/px4_test/include/px4_test) by extensions ['colcon_pkg']
[0.061s] Level 1:colcon.colcon_core.package_identification:_identify(src/px4_test/include/px4_test) by extension 'colcon_pkg'
[0.061s] Level 1:colcon.colcon_core.package_identification:_identify(src/px4_test/include/px4_test) by extensions ['colcon_meta']
[0.061s] Level 1:colcon.colcon_core.package_identification:_identify(src/px4_test/include/px4_test) by extension 'colcon_meta'
[0.061s] Level 1:colcon.colcon_core.package_identification:_identify(src/px4_test/include/px4_test) by extensions ['python']
[0.061s] Level 1:colcon.colcon_core.package_identification:_identify(src/px4_test/include/px4_test) by extension 'python'
[0.061s] Level 1:colcon.colcon_core.package_identification:_identify(src/px4_test/include/px4_test) by extensions ['python_setup_py']
[0.061s] Level 1:colcon.colcon_core.package_identification:_identify(src/px4_test/include/px4_test) by extension 'python_setup_py'
[0.061s] Level 1:colcon.colcon_core.package_identification:_identify(src/px4_test/launch) by extensions ['ignore']
[0.061s] Level 1:colcon.colcon_core.package_identification:_identify(src/px4_test/launch) by extension 'ignore'
[0.061s] Level 1:colcon.colcon_core.package_identification:_identify(src/px4_test/launch) by extensions ['colcon_pkg']
[0.061s] Level 1:colcon.colcon_core.package_identification:_identify(src/px4_test/launch) by extension 'colcon_pkg'
[0.061s] Level 1:colcon.colcon_core.package_identification:_identify(src/px4_test/launch) by extensions ['colcon_meta']
[0.061s] Level 1:colcon.colcon_core.package_identification:_identify(src/px4_test/launch) by extension 'colcon_meta'
[0.061s] Level 1:colcon.colcon_core.package_identification:_identify(src/px4_test/launch) by extensions ['python']
[0.061s] Level 1:colcon.colcon_core.package_identification:_identify(src/px4_test/launch) by extension 'python'
[0.061s] Level 1:colcon.colcon_core.package_identification:_identify(src/px4_test/launch) by extensions ['python_setup_py']
[0.061s] Level 1:colcon.colcon_core.package_identification:_identify(src/px4_test/launch) by extension 'python_setup_py'
[0.061s] Level 1:colcon.colcon_core.package_identification:_identify(src/px4_test/scripts) by extensions ['ignore']
[0.061s] Level 1:colcon.colcon_core.package_identification:_identify(src/px4_test/scripts) by extension 'ignore'
[0.061s] Level 1:colcon.colcon_core.package_identification:_identify(src/px4_test/scripts) by extensions ['colcon_pkg']
[0.061s] Level 1:colcon.colcon_core.package_identification:_identify(src/px4_test/scripts) by extension 'colcon_pkg'
[0.061s] Level 1:colcon.colcon_core.package_identification:_identify(src/px4_test/scripts) by extensions ['colcon_meta']
[0.061s] Level 1:colcon.colcon_core.package_identification:_identify(src/px4_test/scripts) by extension 'colcon_meta'
[0.061s] Level 1:colcon.colcon_core.package_identification:_identify(src/px4_test/scripts) by extensions ['python']
[0.061s] Level 1:colcon.colcon_core.package_identification:_identify(src/px4_test/scripts) by extension 'python'
[0.061s] Level 1:colcon.colcon_core.package_identification:_identify(src/px4_test/scripts) by extensions ['python_setup_py']
[0.061s] Level 1:colcon.colcon_core.package_identification:_identify(src/px4_test/scripts) by extension 'python_setup_py'
[0.061s] Level 1:colcon.colcon_core.package_identification:_identify(src/px4_test/src) by extensions ['ignore']
[0.061s] Level 1:colcon.colcon_core.package_identification:_identify(src/px4_test/src) by extension 'ignore'
[0.061s] Level 1:colcon.colcon_core.package_identification:_identify(src/px4_test/src) by extensions ['colcon_pkg']
[0.061s] Level 1:colcon.colcon_core.package_identification:_identify(src/px4_test/src) by extension 'colcon_pkg'
[0.061s] Level 1:colcon.colcon_core.package_identification:_identify(src/px4_test/src) by extensions ['colcon_meta']
[0.061s] Level 1:colcon.colcon_core.package_identification:_identify(src/px4_test/src) by extension 'colcon_meta'
[0.061s] Level 1:colcon.colcon_core.package_identification:_identify(src/px4_test/src) by extensions ['python']
[0.061s] Level 1:colcon.colcon_core.package_identification:_identify(src/px4_test/src) by extension 'python'
[0.061s] Level 1:colcon.colcon_core.package_identification:_identify(src/px4_test/src) by extensions ['python_setup_py']
[0.061s] Level 1:colcon.colcon_core.package_identification:_identify(src/px4_test/src) by extension 'python_setup_py'
[0.061s] Level 1:colcon.colcon_core.package_identification:_identify(src/px4_test/src/lib) by extensions ['ignore']
[0.061s] Level 1:colcon.colcon_core.package_identification:_identify(src/px4_test/src/lib) by extension 'ignore'
[0.061s] Level 1:colcon.colcon_core.package_identification:_identify(src/px4_test/src/lib) by extensions ['colcon_pkg']
[0.061s] Level 1:colcon.colcon_core.package_identification:_identify(src/px4_test/src/lib) by extension 'colcon_pkg'
[0.061s] Level 1:colcon.colcon_core.package_identification:_identify(src/px4_test/src/lib) by extensions ['colcon_meta']
[0.061s] Level 1:colcon.colcon_core.package_identification:_identify(src/px4_test/src/lib) by extension 'colcon_meta'
[0.061s] Level 1:colcon.colcon_core.package_identification:_identify(src/px4_test/src/lib) by extensions ['python']
[0.061s] Level 1:colcon.colcon_core.package_identification:_identify(src/px4_test/src/lib) by extension 'python'
[0.061s] Level 1:colcon.colcon_core.package_identification:_identify(src/px4_test/src/lib) by extensions ['python_setup_py']
[0.061s] Level 1:colcon.colcon_core.package_identification:_identify(src/px4_test/src/lib) by extension 'python_setup_py'
[0.061s] Level 1:colcon.colcon_core.package_identification:_identify(src/tvc_controller) by extensions ['ignore']
[0.061s] Level 1:colcon.colcon_core.package_identification:_identify(src/tvc_controller) by extension 'ignore'
[0.061s] Level 1:colcon.colcon_core.package_identification:_identify(src/tvc_controller) by extensions ['colcon_pkg']
[0.061s] Level 1:colcon.colcon_core.package_identification:_identify(src/tvc_controller) by extension 'colcon_pkg'
[0.061s] Level 1:colcon.colcon_core.package_identification:_identify(src/tvc_controller) by extensions ['colcon_meta']
[0.061s] Level 1:colcon.colcon_core.package_identification:_identify(src/tvc_controller) by extension 'colcon_meta'
[0.061s] Level 1:colcon.colcon_core.package_identification:_identify(src/tvc_controller) by extensions ['python']
[0.061s] Level 1:colcon.colcon_core.package_identification:_identify(src/tvc_controller) by extension 'python'
[0.061s] DEBUG:colcon.colcon_core.package_identification:Python package in 'src/tvc_controller' passes arguments to the setup() function which requires a different identification extension than 'python'
[0.061s] Level 1:colcon.colcon_core.package_identification:_identify(src/tvc_controller) by extensions ['python_setup_py']
[0.061s] Level 1:colcon.colcon_core.package_identification:_identify(src/tvc_controller) by extension 'python_setup_py'
[0.144s] DEBUG:colcon.colcon_core.package_identification:Package 'src/tvc_controller' with type 'python' and name 'tvc_controller'
[0.144s] Level 1:colcon.colcon_core.package_discovery:discover_packages(recursive) using defaults
[0.144s] Level 1:colcon.colcon_core.package_discovery:discover_packages(ignore) discover
[0.144s] Level 1:colcon.colcon_core.package_discovery:discover_packages(ignore) using defaults
[0.144s] Level 1:colcon.colcon_core.package_discovery:discover_packages(path) discover
[0.144s] Level 1:colcon.colcon_core.package_discovery:discover_packages(path) using defaults
[0.153s] Level 1:colcon.colcon_core.package_discovery:discover_packages(prefix_path) check parameters
[0.153s] Level 1:colcon.colcon_core.package_discovery:discover_packages(prefix_path) discover
[0.153s] Level 1:colcon.colcon_core.package_discovery:discover_packages(prefix_path) using defaults
[0.154s] DEBUG:colcon.colcon_core.verb:Building package 'tvc_controller' with the following arguments: {'build_base': '/home/yash/px4_ws/build/tvc_controller', 'install_base': '/home/yash/px4_ws/install/tvc_controller', 'merge_install': False, 'path': '/home/yash/px4_ws/src/tvc_controller', 'symlink_install': False, 'test_result_base': None}
[0.154s] INFO:colcon.colcon_core.executor:Executing jobs using 'parallel' executor
[0.154s] DEBUG:colcon.colcon_parallel_executor.executor.parallel:run_until_complete
[0.154s] INFO:colcon.colcon_core.task.python.build:Building Python package in '/home/yash/px4_ws/src/tvc_controller'
[0.155s] INFO:colcon.colcon_core.plugin_system:Skipping extension 'colcon_core.shell.bat': Not used on non-Windows systems
[0.155s] INFO:colcon.colcon_core.shell:Skip shell extension 'powershell' for command environment: Not usable outside of PowerShell
[0.155s] DEBUG:colcon.colcon_core.shell:Skip shell extension 'dsv' for command environment
[0.460s] DEBUG:colcon.colcon_core.event_handler.log_command:Invoking command in '/home/yash/px4_ws/src/tvc_controller': PYTHONPATH=/home/yash/px4_ws/build/tvc_controller/prefix_override:/usr/lib/python3/dist-packages/colcon_core/task/python/colcon_distutils_commands:/home/yash/px4_ws/install/tvc_controller/lib/python3.10/site-packages:${PYTHONPATH} /usr/bin/python3 -W ignore:setup.py install is deprecated -W ignore:easy_install command is deprecated setup.py egg_info --egg-base ../../build/tvc_controller build --build-base /home/yash/px4_ws/build/tvc_controller/build install --record /home/yash/px4_ws/build/tvc_controller/install.log --single-version-externally-managed install_data
[0.645s] DEBUG:colcon.colcon_core.event_handler.log_command:Invoked command in '/home/yash/px4_ws/src/tvc_controller' returned '0': PYTHONPATH=/home/yash/px4_ws/build/tvc_controller/prefix_override:/usr/lib/python3/dist-packages/colcon_core/task/python/colcon_distutils_commands:/home/yash/px4_ws/install/tvc_controller/lib/python3.10/site-packages:${PYTHONPATH} /usr/bin/python3 -W ignore:setup.py install is deprecated -W ignore:easy_install command is deprecated setup.py egg_info --egg-base ../../build/tvc_controller build --build-base /home/yash/px4_ws/build/tvc_controller/build install --record /home/yash/px4_ws/build/tvc_controller/install.log --single-version-externally-managed install_data
[0.646s] Level 1:colcon.colcon_core.environment:checking '/home/yash/px4_ws/install/tvc_controller/lib'
[0.646s] Level 1:colcon.colcon_core.environment:checking '/home/yash/px4_ws/install/tvc_controller/bin'
[0.646s] Level 1:colcon.colcon_core.environment:checking '/home/yash/px4_ws/install/tvc_controller/lib/pkgconfig/tvc_controller.pc'
[0.646s] Level 1:colcon.colcon_core.environment:checking '/home/yash/px4_ws/install/tvc_controller/lib/python3.10/site-packages'
[0.646s] Level 1:colcon.colcon_core.shell:create_environment_hook('tvc_controller', 'pythonpath')
[0.646s] INFO:colcon.colcon_core.shell:Creating environment hook '/home/yash/px4_ws/install/tvc_controller/share/tvc_controller/hook/pythonpath.ps1'
[0.647s] INFO:colcon.colcon_core.shell:Creating environment descriptor '/home/yash/px4_ws/install/tvc_controller/share/tvc_controller/hook/pythonpath.dsv'
[0.647s] INFO:colcon.colcon_core.shell:Creating environment hook '/home/yash/px4_ws/install/tvc_controller/share/tvc_controller/hook/pythonpath.sh'
[0.647s] Level 1:colcon.colcon_core.environment:checking '/home/yash/px4_ws/install/tvc_controller/bin'
[0.647s] Level 1:colcon.colcon_core.environment:create_environment_scripts_only(tvc_controller)
[0.647s] INFO:colcon.colcon_core.shell:Creating package script '/home/yash/px4_ws/install/tvc_controller/share/tvc_controller/package.ps1'
[0.648s] INFO:colcon.colcon_core.shell:Creating package descriptor '/home/yash/px4_ws/install/tvc_controller/share/tvc_controller/package.dsv'
[0.648s] INFO:colcon.colcon_core.shell:Creating package script '/home/yash/px4_ws/install/tvc_controller/share/tvc_controller/package.sh'
[0.648s] INFO:colcon.colcon_core.shell:Creating package script '/home/yash/px4_ws/install/tvc_controller/share/tvc_controller/package.bash'
[0.648s] INFO:colcon.colcon_core.shell:Creating package script '/home/yash/px4_ws/install/tvc_controller/share/tvc_controller/package.zsh'
[0.648s] Level 1:colcon.colcon_core.environment:create_file_with_runtime_dependencies(/home/yash/px4_ws/install/tvc_controller/share/colcon-core/packages/tvc_controller)
[0.649s] DEBUG:colcon.colcon_parallel_executor.executor.parallel:closing loop
[0.649s] DEBUG:colcon.colcon_parallel_executor.executor.parallel:loop closed
[0.649s] DEBUG:colcon.colcon_parallel_executor.executor.parallel:run_until_complete finished with '0'
[0.649s] DEBUG:colcon.colcon_core.event_reactor:joining thread
[0.652s] INFO:colcon.colcon_core.plugin_system:Skipping extension 'colcon_notification.desktop_notification.terminal_notifier': Not used on non-Darwin systems
[0.652s] INFO:colcon.colcon_core.plugin_system:Skipping extension 'colcon_notification.desktop_notification.win32': Not used on non-Windows systems
[0.652s] INFO:colcon.colcon_notification.desktop_notification:Sending desktop notification using 'notify2'
[0.658s] DEBUG:colcon.colcon_core.event_reactor:joined thread
[0.658s] INFO:colcon.colcon_core.shell:Creating prefix script '/home/yash/px4_ws/install/local_setup.ps1'
[0.658s] INFO:colcon.colcon_core.shell:Creating prefix util module '/home/yash/px4_ws/install/_local_setup_util_ps1.py'
[0.659s] INFO:colcon.colcon_core.shell:Creating prefix chain script '/home/yash/px4_ws/install/setup.ps1'
[0.659s] INFO:colcon.colcon_core.shell:Creating prefix script '/home/yash/px4_ws/install/local_setup.sh'
[0.659s] INFO:colcon.colcon_core.shell:Creating prefix util module '/home/yash/px4_ws/install/_local_setup_util_sh.py'
[0.660s] INFO:colcon.colcon_core.shell:Creating prefix chain script '/home/yash/px4_ws/install/setup.sh'
[0.660s] INFO:colcon.colcon_core.shell:Creating prefix script '/home/yash/px4_ws/install/local_setup.bash'
[0.660s] INFO:colcon.colcon_core.shell:Creating prefix chain script '/home/yash/px4_ws/install/setup.bash'
[0.661s] INFO:colcon.colcon_core.shell:Creating prefix script '/home/yash/px4_ws/install/local_setup.zsh'
[0.661s] INFO:colcon.colcon_core.shell:Creating prefix chain script '/home/yash/px4_ws/install/setup.zsh'
