[0.046s] DEBUG:colcon:Command line arguments: ['/usr/bin/colcon', 'build']
[0.046s] DEBUG:colcon:Parsed command line arguments: Namespace(log_base=None, log_level=None, verb_name='build', build_base='build', install_base='install', merge_install=False, symlink_install=False, test_result_base=None, continue_on_error=False, executor='parallel', parallel_workers=28, event_handlers=None, ignore_user_meta=False, metas=['./colcon.meta'], base_paths=['.'], packages_ignore=None, packages_ignore_regex=None, paths=None, packages_up_to=None, packages_up_to_regex=None, packages_above=None, packages_above_and_dependencies=None, packages_above_depth=None, packages_select_by_dep=None, packages_skip_by_dep=None, packages_skip_up_to=None, packages_select_build_failed=False, packages_skip_build_finished=False, packages_select_test_failures=False, packages_skip_test_passed=False, packages_select=None, packages_skip=None, packages_select_regex=None, packages_skip_regex=None, packages_start=None, packages_end=None, allow_overriding=[], cmake_args=None, cmake_target=None, cmake_target_skip_unavailable=False, cmake_clean_cache=False, cmake_clean_first=False, cmake_force_configure=False, ament_cmake_args=None, catkin_cmake_args=None, catkin_skip_building_tests=False, verb_parser=<colcon_defaults.argument_parser.defaults.DefaultArgumentsDecorator object at 0x7d079874e800>, verb_extension=<colcon_core.verb.build.BuildVerb object at 0x7d079874e200>, main=<bound method BuildVerb.main of <colcon_core.verb.build.BuildVerb object at 0x7d079874e200>>)
[0.064s] Level 1:colcon.colcon_core.package_discovery:discover_packages(colcon_meta) check parameters
[0.064s] Level 1:colcon.colcon_core.package_discovery:discover_packages(recursive) check parameters
[0.064s] Level 1:colcon.colcon_core.package_discovery:discover_packages(ignore) check parameters
[0.064s] Level 1:colcon.colcon_core.package_discovery:discover_packages(path) check parameters
[0.064s] Level 1:colcon.colcon_core.package_discovery:discover_packages(colcon_meta) discover
[0.064s] Level 1:colcon.colcon_core.package_discovery:discover_packages(recursive) discover
[0.064s] INFO:colcon.colcon_core.package_discovery:Crawling recursively for packages in '/home/yash/px4_ws'
[0.064s] Level 1:colcon.colcon_core.package_identification:_identify(.) by extensions ['ignore', 'ignore_ament_install']
[0.064s] Level 1:colcon.colcon_core.package_identification:_identify(.) by extension 'ignore'
[0.064s] Level 1:colcon.colcon_core.package_identification:_identify(.) by extension 'ignore_ament_install'
[0.064s] Level 1:colcon.colcon_core.package_identification:_identify(.) by extensions ['colcon_pkg']
[0.064s] Level 1:colcon.colcon_core.package_identification:_identify(.) by extension 'colcon_pkg'
[0.064s] Level 1:colcon.colcon_core.package_identification:_identify(.) by extensions ['colcon_meta']
[0.064s] Level 1:colcon.colcon_core.package_identification:_identify(.) by extension 'colcon_meta'
[0.064s] Level 1:colcon.colcon_core.package_identification:_identify(.) by extensions ['ros']
[0.064s] Level 1:colcon.colcon_core.package_identification:_identify(.) by extension 'ros'
[0.071s] Level 1:colcon.colcon_core.package_identification:_identify(.) by extensions ['cmake', 'python']
[0.071s] Level 1:colcon.colcon_core.package_identification:_identify(.) by extension 'cmake'
[0.071s] Level 1:colcon.colcon_core.package_identification:_identify(.) by extension 'python'
[0.071s] Level 1:colcon.colcon_core.package_identification:_identify(.) by extensions ['python_setup_py']
[0.071s] Level 1:colcon.colcon_core.package_identification:_identify(.) by extension 'python_setup_py'
[0.072s] Level 1:colcon.colcon_core.package_identification:_identify(build) by extensions ['ignore', 'ignore_ament_install']
[0.072s] Level 1:colcon.colcon_core.package_identification:_identify(build) by extension 'ignore'
[0.072s] Level 1:colcon.colcon_core.package_identification:_identify(build) ignored
[0.072s] Level 1:colcon.colcon_core.package_identification:_identify(install) by extensions ['ignore', 'ignore_ament_install']
[0.072s] Level 1:colcon.colcon_core.package_identification:_identify(install) by extension 'ignore'
[0.072s] Level 1:colcon.colcon_core.package_identification:_identify(install) ignored
[0.072s] Level 1:colcon.colcon_core.package_identification:_identify(log) by extensions ['ignore', 'ignore_ament_install']
[0.072s] Level 1:colcon.colcon_core.package_identification:_identify(log) by extension 'ignore'
[0.072s] Level 1:colcon.colcon_core.package_identification:_identify(log) ignored
[0.072s] Level 1:colcon.colcon_core.package_identification:_identify(src) by extensions ['ignore', 'ignore_ament_install']
[0.072s] Level 1:colcon.colcon_core.package_identification:_identify(src) by extension 'ignore'
[0.072s] Level 1:colcon.colcon_core.package_identification:_identify(src) by extension 'ignore_ament_install'
[0.072s] Level 1:colcon.colcon_core.package_identification:_identify(src) by extensions ['colcon_pkg']
[0.072s] Level 1:colcon.colcon_core.package_identification:_identify(src) by extension 'colcon_pkg'
[0.072s] Level 1:colcon.colcon_core.package_identification:_identify(src) by extensions ['colcon_meta']
[0.072s] Level 1:colcon.colcon_core.package_identification:_identify(src) by extension 'colcon_meta'
[0.072s] Level 1:colcon.colcon_core.package_identification:_identify(src) by extensions ['ros']
[0.072s] Level 1:colcon.colcon_core.package_identification:_identify(src) by extension 'ros'
[0.072s] Level 1:colcon.colcon_core.package_identification:_identify(src) by extensions ['cmake', 'python']
[0.072s] Level 1:colcon.colcon_core.package_identification:_identify(src) by extension 'cmake'
[0.072s] Level 1:colcon.colcon_core.package_identification:_identify(src) by extension 'python'
[0.072s] Level 1:colcon.colcon_core.package_identification:_identify(src) by extensions ['python_setup_py']
[0.072s] Level 1:colcon.colcon_core.package_identification:_identify(src) by extension 'python_setup_py'
[0.072s] Level 1:colcon.colcon_core.package_identification:_identify(src/px4_msgs) by extensions ['ignore', 'ignore_ament_install']
[0.072s] Level 1:colcon.colcon_core.package_identification:_identify(src/px4_msgs) by extension 'ignore'
[0.072s] Level 1:colcon.colcon_core.package_identification:_identify(src/px4_msgs) by extension 'ignore_ament_install'
[0.072s] Level 1:colcon.colcon_core.package_identification:_identify(src/px4_msgs) by extensions ['colcon_pkg']
[0.072s] Level 1:colcon.colcon_core.package_identification:_identify(src/px4_msgs) by extension 'colcon_pkg'
[0.072s] Level 1:colcon.colcon_core.package_identification:_identify(src/px4_msgs) by extensions ['colcon_meta']
[0.072s] Level 1:colcon.colcon_core.package_identification:_identify(src/px4_msgs) by extension 'colcon_meta'
[0.072s] Level 1:colcon.colcon_core.package_identification:_identify(src/px4_msgs) by extensions ['ros']
[0.072s] Level 1:colcon.colcon_core.package_identification:_identify(src/px4_msgs) by extension 'ros'
[0.073s] DEBUG:colcon.colcon_core.package_identification:Package 'src/px4_msgs' with type 'ros.ament_cmake' and name 'px4_msgs'
[0.073s] Level 1:colcon.colcon_core.package_identification:_identify(src/px4_ros_com) by extensions ['ignore', 'ignore_ament_install']
[0.073s] Level 1:colcon.colcon_core.package_identification:_identify(src/px4_ros_com) by extension 'ignore'
[0.073s] Level 1:colcon.colcon_core.package_identification:_identify(src/px4_ros_com) by extension 'ignore_ament_install'
[0.073s] Level 1:colcon.colcon_core.package_identification:_identify(src/px4_ros_com) by extensions ['colcon_pkg']
[0.073s] Level 1:colcon.colcon_core.package_identification:_identify(src/px4_ros_com) by extension 'colcon_pkg'
[0.073s] Level 1:colcon.colcon_core.package_identification:_identify(src/px4_ros_com) by extensions ['colcon_meta']
[0.074s] Level 1:colcon.colcon_core.package_identification:_identify(src/px4_ros_com) by extension 'colcon_meta'
[0.074s] Level 1:colcon.colcon_core.package_identification:_identify(src/px4_ros_com) by extensions ['ros']
[0.074s] Level 1:colcon.colcon_core.package_identification:_identify(src/px4_ros_com) by extension 'ros'
[0.074s] DEBUG:colcon.colcon_core.package_identification:Package 'src/px4_ros_com' with type 'ros.ament_cmake' and name 'px4_ros_com'
[0.074s] Level 1:colcon.colcon_core.package_identification:_identify(src/px4_test) by extensions ['ignore', 'ignore_ament_install']
[0.074s] Level 1:colcon.colcon_core.package_identification:_identify(src/px4_test) by extension 'ignore'
[0.074s] Level 1:colcon.colcon_core.package_identification:_identify(src/px4_test) by extension 'ignore_ament_install'
[0.074s] Level 1:colcon.colcon_core.package_identification:_identify(src/px4_test) by extensions ['colcon_pkg']
[0.074s] Level 1:colcon.colcon_core.package_identification:_identify(src/px4_test) by extension 'colcon_pkg'
[0.074s] Level 1:colcon.colcon_core.package_identification:_identify(src/px4_test) by extensions ['colcon_meta']
[0.074s] Level 1:colcon.colcon_core.package_identification:_identify(src/px4_test) by extension 'colcon_meta'
[0.074s] Level 1:colcon.colcon_core.package_identification:_identify(src/px4_test) by extensions ['ros']
[0.074s] Level 1:colcon.colcon_core.package_identification:_identify(src/px4_test) by extension 'ros'
[0.075s] DEBUG:colcon.colcon_core.package_identification:Package 'src/px4_test' with type 'ros.ament_cmake' and name 'px4_test'
[0.075s] Level 1:colcon.colcon_core.package_identification:_identify(src/tvc_controller) by extensions ['ignore', 'ignore_ament_install']
[0.075s] Level 1:colcon.colcon_core.package_identification:_identify(src/tvc_controller) by extension 'ignore'
[0.075s] Level 1:colcon.colcon_core.package_identification:_identify(src/tvc_controller) by extension 'ignore_ament_install'
[0.075s] Level 1:colcon.colcon_core.package_identification:_identify(src/tvc_controller) by extensions ['colcon_pkg']
[0.075s] Level 1:colcon.colcon_core.package_identification:_identify(src/tvc_controller) by extension 'colcon_pkg'
[0.075s] Level 1:colcon.colcon_core.package_identification:_identify(src/tvc_controller) by extensions ['colcon_meta']
[0.075s] Level 1:colcon.colcon_core.package_identification:_identify(src/tvc_controller) by extension 'colcon_meta'
[0.075s] Level 1:colcon.colcon_core.package_identification:_identify(src/tvc_controller) by extensions ['ros']
[0.075s] Level 1:colcon.colcon_core.package_identification:_identify(src/tvc_controller) by extension 'ros'
[0.075s] DEBUG:colcon.colcon_core.package_identification:Package 'src/tvc_controller' with type 'ros.ament_python' and name 'tvc_controller'
[0.075s] Level 1:colcon.colcon_core.package_discovery:discover_packages(recursive) using defaults
[0.075s] Level 1:colcon.colcon_core.package_discovery:discover_packages(ignore) discover
[0.075s] Level 1:colcon.colcon_core.package_discovery:discover_packages(ignore) using defaults
[0.075s] Level 1:colcon.colcon_core.package_discovery:discover_packages(path) discover
[0.075s] Level 1:colcon.colcon_core.package_discovery:discover_packages(path) using defaults
[0.084s] Level 1:colcon.colcon_core.package_discovery:discover_packages(prefix_path) check parameters
[0.084s] Level 1:colcon.colcon_core.package_discovery:discover_packages(prefix_path) discover
[0.085s] DEBUG:colcon.colcon_installed_package_information.package_discovery:Found 5 installed packages in /home/yash/px4_ws/install
[0.086s] DEBUG:colcon.colcon_installed_package_information.package_discovery:Found 285 installed packages in /opt/ros/humble
[0.086s] Level 1:colcon.colcon_core.package_discovery:discover_packages(prefix_path) using defaults
[0.102s] Level 5:colcon.colcon_core.verb:set package 'px4_msgs' build argument 'cmake_args' from command line to 'None'
[0.102s] Level 5:colcon.colcon_core.verb:set package 'px4_msgs' build argument 'cmake_target' from command line to 'None'
[0.102s] Level 5:colcon.colcon_core.verb:set package 'px4_msgs' build argument 'cmake_target_skip_unavailable' from command line to 'False'
[0.102s] Level 5:colcon.colcon_core.verb:set package 'px4_msgs' build argument 'cmake_clean_cache' from command line to 'False'
[0.102s] Level 5:colcon.colcon_core.verb:set package 'px4_msgs' build argument 'cmake_clean_first' from command line to 'False'
[0.102s] Level 5:colcon.colcon_core.verb:set package 'px4_msgs' build argument 'cmake_force_configure' from command line to 'False'
[0.102s] Level 5:colcon.colcon_core.verb:set package 'px4_msgs' build argument 'ament_cmake_args' from command line to 'None'
[0.102s] Level 5:colcon.colcon_core.verb:set package 'px4_msgs' build argument 'catkin_cmake_args' from command line to 'None'
[0.102s] Level 5:colcon.colcon_core.verb:set package 'px4_msgs' build argument 'catkin_skip_building_tests' from command line to 'False'
[0.102s] DEBUG:colcon.colcon_core.verb:Building package 'px4_msgs' with the following arguments: {'ament_cmake_args': None, 'build_base': '/home/yash/px4_ws/build/px4_msgs', 'catkin_cmake_args': None, 'catkin_skip_building_tests': False, 'cmake_args': None, 'cmake_clean_cache': False, 'cmake_clean_first': False, 'cmake_force_configure': False, 'cmake_target': None, 'cmake_target_skip_unavailable': False, 'install_base': '/home/yash/px4_ws/install/px4_msgs', 'merge_install': False, 'path': '/home/yash/px4_ws/src/px4_msgs', 'symlink_install': False, 'test_result_base': None}
[0.102s] Level 5:colcon.colcon_core.verb:set package 'px4_ros_com' build argument 'cmake_args' from command line to 'None'
[0.102s] Level 5:colcon.colcon_core.verb:set package 'px4_ros_com' build argument 'cmake_target' from command line to 'None'
[0.102s] Level 5:colcon.colcon_core.verb:set package 'px4_ros_com' build argument 'cmake_target_skip_unavailable' from command line to 'False'
[0.102s] Level 5:colcon.colcon_core.verb:set package 'px4_ros_com' build argument 'cmake_clean_cache' from command line to 'False'
[0.102s] Level 5:colcon.colcon_core.verb:set package 'px4_ros_com' build argument 'cmake_clean_first' from command line to 'False'
[0.102s] Level 5:colcon.colcon_core.verb:set package 'px4_ros_com' build argument 'cmake_force_configure' from command line to 'False'
[0.102s] Level 5:colcon.colcon_core.verb:set package 'px4_ros_com' build argument 'ament_cmake_args' from command line to 'None'
[0.102s] Level 5:colcon.colcon_core.verb:set package 'px4_ros_com' build argument 'catkin_cmake_args' from command line to 'None'
[0.102s] Level 5:colcon.colcon_core.verb:set package 'px4_ros_com' build argument 'catkin_skip_building_tests' from command line to 'False'
[0.102s] DEBUG:colcon.colcon_core.verb:Building package 'px4_ros_com' with the following arguments: {'ament_cmake_args': None, 'build_base': '/home/yash/px4_ws/build/px4_ros_com', 'catkin_cmake_args': None, 'catkin_skip_building_tests': False, 'cmake_args': None, 'cmake_clean_cache': False, 'cmake_clean_first': False, 'cmake_force_configure': False, 'cmake_target': None, 'cmake_target_skip_unavailable': False, 'install_base': '/home/yash/px4_ws/install/px4_ros_com', 'merge_install': False, 'path': '/home/yash/px4_ws/src/px4_ros_com', 'symlink_install': False, 'test_result_base': None}
[0.102s] Level 5:colcon.colcon_core.verb:set package 'px4_test' build argument 'cmake_args' from command line to 'None'
[0.102s] Level 5:colcon.colcon_core.verb:set package 'px4_test' build argument 'cmake_target' from command line to 'None'
[0.102s] Level 5:colcon.colcon_core.verb:set package 'px4_test' build argument 'cmake_target_skip_unavailable' from command line to 'False'
[0.102s] Level 5:colcon.colcon_core.verb:set package 'px4_test' build argument 'cmake_clean_cache' from command line to 'False'
[0.102s] Level 5:colcon.colcon_core.verb:set package 'px4_test' build argument 'cmake_clean_first' from command line to 'False'
[0.102s] Level 5:colcon.colcon_core.verb:set package 'px4_test' build argument 'cmake_force_configure' from command line to 'False'
[0.102s] Level 5:colcon.colcon_core.verb:set package 'px4_test' build argument 'ament_cmake_args' from command line to 'None'
[0.102s] Level 5:colcon.colcon_core.verb:set package 'px4_test' build argument 'catkin_cmake_args' from command line to 'None'
[0.102s] Level 5:colcon.colcon_core.verb:set package 'px4_test' build argument 'catkin_skip_building_tests' from command line to 'False'
[0.102s] DEBUG:colcon.colcon_core.verb:Building package 'px4_test' with the following arguments: {'ament_cmake_args': None, 'build_base': '/home/yash/px4_ws/build/px4_test', 'catkin_cmake_args': None, 'catkin_skip_building_tests': False, 'cmake_args': None, 'cmake_clean_cache': False, 'cmake_clean_first': False, 'cmake_force_configure': False, 'cmake_target': None, 'cmake_target_skip_unavailable': False, 'install_base': '/home/yash/px4_ws/install/px4_test', 'merge_install': False, 'path': '/home/yash/px4_ws/src/px4_test', 'symlink_install': False, 'test_result_base': None}
[0.102s] Level 5:colcon.colcon_core.verb:set package 'tvc_controller' build argument 'cmake_args' from command line to 'None'
[0.102s] Level 5:colcon.colcon_core.verb:set package 'tvc_controller' build argument 'cmake_target' from command line to 'None'
[0.102s] Level 5:colcon.colcon_core.verb:set package 'tvc_controller' build argument 'cmake_target_skip_unavailable' from command line to 'False'
[0.102s] Level 5:colcon.colcon_core.verb:set package 'tvc_controller' build argument 'cmake_clean_cache' from command line to 'False'
[0.102s] Level 5:colcon.colcon_core.verb:set package 'tvc_controller' build argument 'cmake_clean_first' from command line to 'False'
[0.102s] Level 5:colcon.colcon_core.verb:set package 'tvc_controller' build argument 'cmake_force_configure' from command line to 'False'
[0.102s] Level 5:colcon.colcon_core.verb:set package 'tvc_controller' build argument 'ament_cmake_args' from command line to 'None'
[0.102s] Level 5:colcon.colcon_core.verb:set package 'tvc_controller' build argument 'catkin_cmake_args' from command line to 'None'
[0.102s] Level 5:colcon.colcon_core.verb:set package 'tvc_controller' build argument 'catkin_skip_building_tests' from command line to 'False'
[0.102s] DEBUG:colcon.colcon_core.verb:Building package 'tvc_controller' with the following arguments: {'ament_cmake_args': None, 'build_base': '/home/yash/px4_ws/build/tvc_controller', 'catkin_cmake_args': None, 'catkin_skip_building_tests': False, 'cmake_args': None, 'cmake_clean_cache': False, 'cmake_clean_first': False, 'cmake_force_configure': False, 'cmake_target': None, 'cmake_target_skip_unavailable': False, 'install_base': '/home/yash/px4_ws/install/tvc_controller', 'merge_install': False, 'path': '/home/yash/px4_ws/src/tvc_controller', 'symlink_install': False, 'test_result_base': None}
[0.103s] INFO:colcon.colcon_core.executor:Executing jobs using 'parallel' executor
[0.103s] DEBUG:colcon.colcon_parallel_executor.executor.parallel:run_until_complete
[0.103s] INFO:colcon.colcon_ros.task.ament_cmake.build:Building ROS package in '/home/yash/px4_ws/src/px4_msgs' with build type 'ament_cmake'
[0.103s] INFO:colcon.colcon_cmake.task.cmake.build:Building CMake package in '/home/yash/px4_ws/src/px4_msgs'
[0.104s] INFO:colcon.colcon_core.plugin_system:Skipping extension 'colcon_core.shell.bat': Not used on non-Windows systems
[0.104s] INFO:colcon.colcon_core.shell:Skip shell extension 'powershell' for command environment: Not usable outside of PowerShell
[0.104s] DEBUG:colcon.colcon_core.shell:Skip shell extension 'dsv' for command environment
[0.109s] DEBUG:colcon.colcon_core.event_handler.log_command:Invoking command in '/home/yash/px4_ws/build/px4_msgs': CMAKE_PREFIX_PATH=${CMAKE_PREFIX_PATH}:/home/yash/px4_ws/install/tvc_controller:/opt/ros/humble /opt/cmake-3.28.1/bin/cmake --build /home/yash/px4_ws/build/px4_msgs -- -j28 -l28
[0.483s] DEBUG:colcon.colcon_core.event_handler.log_command:Invoked command in '/home/yash/px4_ws/build/px4_msgs' returned '0': CMAKE_PREFIX_PATH=${CMAKE_PREFIX_PATH}:/home/yash/px4_ws/install/tvc_controller:/opt/ros/humble /opt/cmake-3.28.1/bin/cmake --build /home/yash/px4_ws/build/px4_msgs -- -j28 -l28
[0.484s] DEBUG:colcon.colcon_core.event_handler.log_command:Invoking command in '/home/yash/px4_ws/build/px4_msgs': CMAKE_PREFIX_PATH=${CMAKE_PREFIX_PATH}:/home/yash/px4_ws/install/tvc_controller:/opt/ros/humble /opt/cmake-3.28.1/bin/cmake --install /home/yash/px4_ws/build/px4_msgs
[0.600s] Level 1:colcon.colcon_core.environment:create_environment_scripts_only(px4_msgs)
[0.600s] DEBUG:colcon.colcon_core.event_handler.log_command:Invoked command in '/home/yash/px4_ws/build/px4_msgs' returned '0': CMAKE_PREFIX_PATH=${CMAKE_PREFIX_PATH}:/home/yash/px4_ws/install/tvc_controller:/opt/ros/humble /opt/cmake-3.28.1/bin/cmake --install /home/yash/px4_ws/build/px4_msgs
[0.601s] Level 1:colcon.colcon_core.environment:checking '/home/yash/px4_ws/install/px4_msgs' for CMake module files
[0.601s] Level 1:colcon.colcon_core.environment:checking '/home/yash/px4_ws/install/px4_msgs' for CMake config files
[0.603s] Level 1:colcon.colcon_core.shell:create_environment_hook('px4_msgs', 'cmake_prefix_path')
[0.603s] INFO:colcon.colcon_core.shell:Creating environment hook '/home/yash/px4_ws/install/px4_msgs/share/px4_msgs/hook/cmake_prefix_path.ps1'
[0.603s] INFO:colcon.colcon_core.shell:Creating environment descriptor '/home/yash/px4_ws/install/px4_msgs/share/px4_msgs/hook/cmake_prefix_path.dsv'
[0.604s] INFO:colcon.colcon_core.shell:Creating environment hook '/home/yash/px4_ws/install/px4_msgs/share/px4_msgs/hook/cmake_prefix_path.sh'
[0.604s] Level 1:colcon.colcon_core.environment:checking '/home/yash/px4_ws/install/px4_msgs/lib'
[0.604s] Level 1:colcon.colcon_core.shell:create_environment_hook('px4_msgs', 'ld_library_path_lib')
[0.604s] INFO:colcon.colcon_core.shell:Creating environment hook '/home/yash/px4_ws/install/px4_msgs/share/px4_msgs/hook/ld_library_path_lib.ps1'
[0.604s] INFO:colcon.colcon_core.shell:Creating environment descriptor '/home/yash/px4_ws/install/px4_msgs/share/px4_msgs/hook/ld_library_path_lib.dsv'
[0.604s] INFO:colcon.colcon_core.shell:Creating environment hook '/home/yash/px4_ws/install/px4_msgs/share/px4_msgs/hook/ld_library_path_lib.sh'
[0.604s] Level 1:colcon.colcon_core.environment:checking '/home/yash/px4_ws/install/px4_msgs/bin'
[0.605s] Level 1:colcon.colcon_core.environment:checking '/home/yash/px4_ws/install/px4_msgs/lib/pkgconfig/px4_msgs.pc'
[0.605s] Level 1:colcon.colcon_core.environment:checking '/home/yash/px4_ws/install/px4_msgs/lib/python3.10/site-packages'
[0.605s] Level 1:colcon.colcon_core.environment:checking '/home/yash/px4_ws/install/px4_msgs/bin'
[0.605s] INFO:colcon.colcon_core.shell:Creating package script '/home/yash/px4_ws/install/px4_msgs/share/px4_msgs/package.ps1'
[0.605s] INFO:colcon.colcon_core.shell:Creating package descriptor '/home/yash/px4_ws/install/px4_msgs/share/px4_msgs/package.dsv'
[0.605s] INFO:colcon.colcon_core.shell:Creating package script '/home/yash/px4_ws/install/px4_msgs/share/px4_msgs/package.sh'
[0.606s] INFO:colcon.colcon_core.shell:Creating package script '/home/yash/px4_ws/install/px4_msgs/share/px4_msgs/package.bash'
[0.606s] INFO:colcon.colcon_core.shell:Creating package script '/home/yash/px4_ws/install/px4_msgs/share/px4_msgs/package.zsh'
[0.606s] Level 1:colcon.colcon_core.environment:create_file_with_runtime_dependencies(/home/yash/px4_ws/install/px4_msgs/share/colcon-core/packages/px4_msgs)
[0.606s] Level 1:colcon.colcon_core.environment:create_environment_scripts_only(px4_msgs)
[0.607s] Level 1:colcon.colcon_core.environment:checking '/home/yash/px4_ws/install/px4_msgs' for CMake module files
[0.607s] Level 1:colcon.colcon_core.environment:checking '/home/yash/px4_ws/install/px4_msgs' for CMake config files
[0.608s] Level 1:colcon.colcon_core.shell:create_environment_hook('px4_msgs', 'cmake_prefix_path')
[0.608s] INFO:colcon.colcon_core.shell:Creating environment hook '/home/yash/px4_ws/install/px4_msgs/share/px4_msgs/hook/cmake_prefix_path.ps1'
[0.609s] INFO:colcon.colcon_core.shell:Creating environment descriptor '/home/yash/px4_ws/install/px4_msgs/share/px4_msgs/hook/cmake_prefix_path.dsv'
[0.609s] INFO:colcon.colcon_core.shell:Creating environment hook '/home/yash/px4_ws/install/px4_msgs/share/px4_msgs/hook/cmake_prefix_path.sh'
[0.609s] Level 1:colcon.colcon_core.environment:checking '/home/yash/px4_ws/install/px4_msgs/lib'
[0.609s] Level 1:colcon.colcon_core.shell:create_environment_hook('px4_msgs', 'ld_library_path_lib')
[0.609s] INFO:colcon.colcon_core.shell:Creating environment hook '/home/yash/px4_ws/install/px4_msgs/share/px4_msgs/hook/ld_library_path_lib.ps1'
[0.609s] INFO:colcon.colcon_core.shell:Creating environment descriptor '/home/yash/px4_ws/install/px4_msgs/share/px4_msgs/hook/ld_library_path_lib.dsv'
[0.609s] INFO:colcon.colcon_core.shell:Creating environment hook '/home/yash/px4_ws/install/px4_msgs/share/px4_msgs/hook/ld_library_path_lib.sh'
[0.609s] Level 1:colcon.colcon_core.environment:checking '/home/yash/px4_ws/install/px4_msgs/bin'
[0.609s] Level 1:colcon.colcon_core.environment:checking '/home/yash/px4_ws/install/px4_msgs/lib/pkgconfig/px4_msgs.pc'
[0.610s] Level 1:colcon.colcon_core.environment:checking '/home/yash/px4_ws/install/px4_msgs/lib/python3.10/site-packages'
[0.610s] Level 1:colcon.colcon_core.environment:checking '/home/yash/px4_ws/install/px4_msgs/bin'
[0.610s] INFO:colcon.colcon_core.shell:Creating package script '/home/yash/px4_ws/install/px4_msgs/share/px4_msgs/package.ps1'
[0.610s] INFO:colcon.colcon_core.shell:Creating package descriptor '/home/yash/px4_ws/install/px4_msgs/share/px4_msgs/package.dsv'
[0.610s] INFO:colcon.colcon_core.shell:Creating package script '/home/yash/px4_ws/install/px4_msgs/share/px4_msgs/package.sh'
[0.610s] INFO:colcon.colcon_core.shell:Creating package script '/home/yash/px4_ws/install/px4_msgs/share/px4_msgs/package.bash'
[0.610s] INFO:colcon.colcon_core.shell:Creating package script '/home/yash/px4_ws/install/px4_msgs/share/px4_msgs/package.zsh'
[0.611s] Level 1:colcon.colcon_core.environment:create_file_with_runtime_dependencies(/home/yash/px4_ws/install/px4_msgs/share/colcon-core/packages/px4_msgs)
[0.611s] INFO:colcon.colcon_ros.task.ament_cmake.build:Building ROS package in '/home/yash/px4_ws/src/px4_ros_com' with build type 'ament_cmake'
[0.611s] INFO:colcon.colcon_cmake.task.cmake.build:Building CMake package in '/home/yash/px4_ws/src/px4_ros_com'
[0.611s] INFO:colcon.colcon_core.shell:Skip shell extension 'powershell' for command environment: Not usable outside of PowerShell
[0.611s] DEBUG:colcon.colcon_core.shell:Skip shell extension 'dsv' for command environment
[0.612s] INFO:colcon.colcon_ros.task.ament_cmake.build:Building ROS package in '/home/yash/px4_ws/src/px4_test' with build type 'ament_cmake'
[0.612s] INFO:colcon.colcon_cmake.task.cmake.build:Building CMake package in '/home/yash/px4_ws/src/px4_test'
[0.612s] INFO:colcon.colcon_core.shell:Skip shell extension 'powershell' for command environment: Not usable outside of PowerShell
[0.612s] DEBUG:colcon.colcon_core.shell:Skip shell extension 'dsv' for command environment
[0.614s] INFO:colcon.colcon_ros.task.ament_python.build:Building ROS package in '/home/yash/px4_ws/src/tvc_controller' with build type 'ament_python'
[0.614s] Level 1:colcon.colcon_core.shell:create_environment_hook('tvc_controller', 'ament_prefix_path')
[0.614s] INFO:colcon.colcon_core.shell:Creating environment hook '/home/yash/px4_ws/install/tvc_controller/share/tvc_controller/hook/ament_prefix_path.ps1'
[0.614s] INFO:colcon.colcon_core.shell:Creating environment descriptor '/home/yash/px4_ws/install/tvc_controller/share/tvc_controller/hook/ament_prefix_path.dsv'
[0.614s] INFO:colcon.colcon_core.shell:Creating environment hook '/home/yash/px4_ws/install/tvc_controller/share/tvc_controller/hook/ament_prefix_path.sh'
[0.614s] INFO:colcon.colcon_core.shell:Skip shell extension 'powershell' for command environment: Not usable outside of PowerShell
[0.614s] DEBUG:colcon.colcon_core.shell:Skip shell extension 'dsv' for command environment
[0.617s] DEBUG:colcon.colcon_core.event_handler.log_command:Invoking command in '/home/yash/px4_ws/build/px4_ros_com': CMAKE_PREFIX_PATH=/home/yash/px4_ws/install/px4_msgs:/home/yash/px4_ws/install/test_pkg:/home/yash/px4_ws/install/px4_test:/home/yash/px4_ws/install/px4_ros_com:/home/yash/px4_ws/install/tvc_controller:/opt/ros/humble LD_LIBRARY_PATH=/home/yash/px4_ws/install/px4_msgs/lib:/home/yash/px4_ws/install/px4_test/lib:/home/yash/px4_ws/install/px4_ros_com/lib:/opt/ros/humble/opt/rviz_ogre_vendor/lib:/opt/ros/humble/lib/x86_64-linux-gnu:/opt/ros/humble/lib:/home/yash/acados/lib:/usr/local/lib/coin-or /opt/cmake-3.28.1/bin/cmake --build /home/yash/px4_ws/build/px4_ros_com -- -j28 -l28
[0.619s] DEBUG:colcon.colcon_core.event_handler.log_command:Invoking command in '/home/yash/px4_ws/build/px4_test': CMAKE_PREFIX_PATH=/home/yash/px4_ws/install/px4_msgs:/home/yash/px4_ws/install/test_pkg:/home/yash/px4_ws/install/px4_test:/home/yash/px4_ws/install/px4_ros_com:/home/yash/px4_ws/install/tvc_controller:/opt/ros/humble LD_LIBRARY_PATH=/home/yash/px4_ws/install/px4_msgs/lib:/home/yash/px4_ws/install/px4_test/lib:/home/yash/px4_ws/install/px4_ros_com/lib:/opt/ros/humble/opt/rviz_ogre_vendor/lib:/opt/ros/humble/lib/x86_64-linux-gnu:/opt/ros/humble/lib:/home/yash/acados/lib:/usr/local/lib/coin-or /opt/cmake-3.28.1/bin/cmake --build /home/yash/px4_ws/build/px4_test -- -j28 -l28
[0.715s] INFO:colcon.colcon_core.task.python.build:Building Python package in '/home/yash/px4_ws/src/tvc_controller'
[0.715s] INFO:colcon.colcon_core.shell:Skip shell extension 'powershell' for command environment: Not usable outside of PowerShell
[0.715s] DEBUG:colcon.colcon_core.shell:Skip shell extension 'dsv' for command environment
[0.717s] DEBUG:colcon.colcon_core.event_handler.log_command:Invoked command in '/home/yash/px4_ws/build/px4_test' returned '0': CMAKE_PREFIX_PATH=/home/yash/px4_ws/install/px4_msgs:/home/yash/px4_ws/install/test_pkg:/home/yash/px4_ws/install/px4_test:/home/yash/px4_ws/install/px4_ros_com:/home/yash/px4_ws/install/tvc_controller:/opt/ros/humble LD_LIBRARY_PATH=/home/yash/px4_ws/install/px4_msgs/lib:/home/yash/px4_ws/install/px4_test/lib:/home/yash/px4_ws/install/px4_ros_com/lib:/opt/ros/humble/opt/rviz_ogre_vendor/lib:/opt/ros/humble/lib/x86_64-linux-gnu:/opt/ros/humble/lib:/home/yash/acados/lib:/usr/local/lib/coin-or /opt/cmake-3.28.1/bin/cmake --build /home/yash/px4_ws/build/px4_test -- -j28 -l28
[0.718s] DEBUG:colcon.colcon_core.event_handler.log_command:Invoking command in '/home/yash/px4_ws/build/px4_test': CMAKE_PREFIX_PATH=/home/yash/px4_ws/install/px4_msgs:/home/yash/px4_ws/install/test_pkg:/home/yash/px4_ws/install/px4_test:/home/yash/px4_ws/install/px4_ros_com:/home/yash/px4_ws/install/tvc_controller:/opt/ros/humble LD_LIBRARY_PATH=/home/yash/px4_ws/install/px4_msgs/lib:/home/yash/px4_ws/install/px4_test/lib:/home/yash/px4_ws/install/px4_ros_com/lib:/opt/ros/humble/opt/rviz_ogre_vendor/lib:/opt/ros/humble/lib/x86_64-linux-gnu:/opt/ros/humble/lib:/home/yash/acados/lib:/usr/local/lib/coin-or /opt/cmake-3.28.1/bin/cmake --install /home/yash/px4_ws/build/px4_test
[0.721s] Level 1:colcon.colcon_core.environment:create_environment_scripts_only(px4_test)
[0.721s] DEBUG:colcon.colcon_core.event_handler.log_command:Invoked command in '/home/yash/px4_ws/build/px4_test' returned '0': CMAKE_PREFIX_PATH=/home/yash/px4_ws/install/px4_msgs:/home/yash/px4_ws/install/test_pkg:/home/yash/px4_ws/install/px4_test:/home/yash/px4_ws/install/px4_ros_com:/home/yash/px4_ws/install/tvc_controller:/opt/ros/humble LD_LIBRARY_PATH=/home/yash/px4_ws/install/px4_msgs/lib:/home/yash/px4_ws/install/px4_test/lib:/home/yash/px4_ws/install/px4_ros_com/lib:/opt/ros/humble/opt/rviz_ogre_vendor/lib:/opt/ros/humble/lib/x86_64-linux-gnu:/opt/ros/humble/lib:/home/yash/acados/lib:/usr/local/lib/coin-or /opt/cmake-3.28.1/bin/cmake --install /home/yash/px4_ws/build/px4_test
[0.721s] Level 1:colcon.colcon_core.environment:checking '/home/yash/px4_ws/install/px4_test' for CMake module files
[0.722s] Level 1:colcon.colcon_core.environment:checking '/home/yash/px4_ws/install/px4_test' for CMake config files
[0.722s] Level 1:colcon.colcon_core.shell:create_environment_hook('px4_test', 'cmake_prefix_path')
[0.722s] INFO:colcon.colcon_core.shell:Creating environment hook '/home/yash/px4_ws/install/px4_test/share/px4_test/hook/cmake_prefix_path.ps1'
[0.722s] INFO:colcon.colcon_core.shell:Creating environment descriptor '/home/yash/px4_ws/install/px4_test/share/px4_test/hook/cmake_prefix_path.dsv'
[0.723s] INFO:colcon.colcon_core.shell:Creating environment hook '/home/yash/px4_ws/install/px4_test/share/px4_test/hook/cmake_prefix_path.sh'
[0.723s] Level 1:colcon.colcon_core.environment:checking '/home/yash/px4_ws/install/px4_test/lib'
[0.723s] Level 1:colcon.colcon_core.shell:create_environment_hook('px4_test', 'ld_library_path_lib')
[0.723s] INFO:colcon.colcon_core.shell:Creating environment hook '/home/yash/px4_ws/install/px4_test/share/px4_test/hook/ld_library_path_lib.ps1'
[0.723s] INFO:colcon.colcon_core.shell:Creating environment descriptor '/home/yash/px4_ws/install/px4_test/share/px4_test/hook/ld_library_path_lib.dsv'
[0.724s] INFO:colcon.colcon_core.shell:Creating environment hook '/home/yash/px4_ws/install/px4_test/share/px4_test/hook/ld_library_path_lib.sh'
[0.724s] Level 1:colcon.colcon_core.environment:checking '/home/yash/px4_ws/install/px4_test/bin'
[0.724s] Level 1:colcon.colcon_core.environment:checking '/home/yash/px4_ws/install/px4_test/lib/pkgconfig/px4_test.pc'
[0.724s] Level 1:colcon.colcon_core.environment:checking '/home/yash/px4_ws/install/px4_test/lib/python3.10/site-packages'
[0.724s] Level 1:colcon.colcon_core.environment:checking '/home/yash/px4_ws/install/px4_test/bin'
[0.725s] INFO:colcon.colcon_core.shell:Creating package script '/home/yash/px4_ws/install/px4_test/share/px4_test/package.ps1'
[0.725s] INFO:colcon.colcon_core.shell:Creating package descriptor '/home/yash/px4_ws/install/px4_test/share/px4_test/package.dsv'
[0.725s] INFO:colcon.colcon_core.shell:Creating package script '/home/yash/px4_ws/install/px4_test/share/px4_test/package.sh'
[0.725s] INFO:colcon.colcon_core.shell:Creating package script '/home/yash/px4_ws/install/px4_test/share/px4_test/package.bash'
[0.726s] INFO:colcon.colcon_core.shell:Creating package script '/home/yash/px4_ws/install/px4_test/share/px4_test/package.zsh'
[0.726s] Level 1:colcon.colcon_core.environment:create_file_with_runtime_dependencies(/home/yash/px4_ws/install/px4_test/share/colcon-core/packages/px4_test)
[0.726s] Level 1:colcon.colcon_core.environment:create_environment_scripts_only(px4_test)
[0.726s] Level 1:colcon.colcon_core.environment:checking '/home/yash/px4_ws/install/px4_test' for CMake module files
[0.727s] Level 1:colcon.colcon_core.environment:checking '/home/yash/px4_ws/install/px4_test' for CMake config files
[0.727s] Level 1:colcon.colcon_core.shell:create_environment_hook('px4_test', 'cmake_prefix_path')
[0.727s] INFO:colcon.colcon_core.shell:Creating environment hook '/home/yash/px4_ws/install/px4_test/share/px4_test/hook/cmake_prefix_path.ps1'
[0.727s] INFO:colcon.colcon_core.shell:Creating environment descriptor '/home/yash/px4_ws/install/px4_test/share/px4_test/hook/cmake_prefix_path.dsv'
[0.728s] INFO:colcon.colcon_core.shell:Creating environment hook '/home/yash/px4_ws/install/px4_test/share/px4_test/hook/cmake_prefix_path.sh'
[0.728s] Level 1:colcon.colcon_core.environment:checking '/home/yash/px4_ws/install/px4_test/lib'
[0.728s] Level 1:colcon.colcon_core.shell:create_environment_hook('px4_test', 'ld_library_path_lib')
[0.728s] INFO:colcon.colcon_core.shell:Creating environment hook '/home/yash/px4_ws/install/px4_test/share/px4_test/hook/ld_library_path_lib.ps1'
[0.728s] INFO:colcon.colcon_core.shell:Creating environment descriptor '/home/yash/px4_ws/install/px4_test/share/px4_test/hook/ld_library_path_lib.dsv'
[0.729s] INFO:colcon.colcon_core.shell:Creating environment hook '/home/yash/px4_ws/install/px4_test/share/px4_test/hook/ld_library_path_lib.sh'
[0.729s] Level 1:colcon.colcon_core.environment:checking '/home/yash/px4_ws/install/px4_test/bin'
[0.729s] Level 1:colcon.colcon_core.environment:checking '/home/yash/px4_ws/install/px4_test/lib/pkgconfig/px4_test.pc'
[0.729s] Level 1:colcon.colcon_core.environment:checking '/home/yash/px4_ws/install/px4_test/lib/python3.10/site-packages'
[0.729s] Level 1:colcon.colcon_core.environment:checking '/home/yash/px4_ws/install/px4_test/bin'
[0.729s] INFO:colcon.colcon_core.shell:Creating package script '/home/yash/px4_ws/install/px4_test/share/px4_test/package.ps1'
[0.730s] INFO:colcon.colcon_core.shell:Creating package descriptor '/home/yash/px4_ws/install/px4_test/share/px4_test/package.dsv'
[0.730s] INFO:colcon.colcon_core.shell:Creating package script '/home/yash/px4_ws/install/px4_test/share/px4_test/package.sh'
[0.730s] INFO:colcon.colcon_core.shell:Creating package script '/home/yash/px4_ws/install/px4_test/share/px4_test/package.bash'
[0.731s] INFO:colcon.colcon_core.shell:Creating package script '/home/yash/px4_ws/install/px4_test/share/px4_test/package.zsh'
[0.731s] Level 1:colcon.colcon_core.environment:create_file_with_runtime_dependencies(/home/yash/px4_ws/install/px4_test/share/colcon-core/packages/px4_test)
[0.760s] DEBUG:colcon.colcon_core.event_handler.log_command:Invoked command in '/home/yash/px4_ws/build/px4_ros_com' returned '0': CMAKE_PREFIX_PATH=/home/yash/px4_ws/install/px4_msgs:/home/yash/px4_ws/install/test_pkg:/home/yash/px4_ws/install/px4_test:/home/yash/px4_ws/install/px4_ros_com:/home/yash/px4_ws/install/tvc_controller:/opt/ros/humble LD_LIBRARY_PATH=/home/yash/px4_ws/install/px4_msgs/lib:/home/yash/px4_ws/install/px4_test/lib:/home/yash/px4_ws/install/px4_ros_com/lib:/opt/ros/humble/opt/rviz_ogre_vendor/lib:/opt/ros/humble/lib/x86_64-linux-gnu:/opt/ros/humble/lib:/home/yash/acados/lib:/usr/local/lib/coin-or /opt/cmake-3.28.1/bin/cmake --build /home/yash/px4_ws/build/px4_ros_com -- -j28 -l28
[0.761s] DEBUG:colcon.colcon_core.event_handler.log_command:Invoking command in '/home/yash/px4_ws/build/px4_ros_com': CMAKE_PREFIX_PATH=/home/yash/px4_ws/install/px4_msgs:/home/yash/px4_ws/install/test_pkg:/home/yash/px4_ws/install/px4_test:/home/yash/px4_ws/install/px4_ros_com:/home/yash/px4_ws/install/tvc_controller:/opt/ros/humble LD_LIBRARY_PATH=/home/yash/px4_ws/install/px4_msgs/lib:/home/yash/px4_ws/install/px4_test/lib:/home/yash/px4_ws/install/px4_ros_com/lib:/opt/ros/humble/opt/rviz_ogre_vendor/lib:/opt/ros/humble/lib/x86_64-linux-gnu:/opt/ros/humble/lib:/home/yash/acados/lib:/usr/local/lib/coin-or /opt/cmake-3.28.1/bin/cmake --install /home/yash/px4_ws/build/px4_ros_com
[0.785s] Level 1:colcon.colcon_core.environment:create_environment_scripts_only(px4_ros_com)
[0.786s] Level 1:colcon.colcon_core.environment:checking '/home/yash/px4_ws/install/px4_ros_com' for CMake module files
[0.786s] DEBUG:colcon.colcon_core.event_handler.log_command:Invoked command in '/home/yash/px4_ws/build/px4_ros_com' returned '0': CMAKE_PREFIX_PATH=/home/yash/px4_ws/install/px4_msgs:/home/yash/px4_ws/install/test_pkg:/home/yash/px4_ws/install/px4_test:/home/yash/px4_ws/install/px4_ros_com:/home/yash/px4_ws/install/tvc_controller:/opt/ros/humble LD_LIBRARY_PATH=/home/yash/px4_ws/install/px4_msgs/lib:/home/yash/px4_ws/install/px4_test/lib:/home/yash/px4_ws/install/px4_ros_com/lib:/opt/ros/humble/opt/rviz_ogre_vendor/lib:/opt/ros/humble/lib/x86_64-linux-gnu:/opt/ros/humble/lib:/home/yash/acados/lib:/usr/local/lib/coin-or /opt/cmake-3.28.1/bin/cmake --install /home/yash/px4_ws/build/px4_ros_com
[0.786s] Level 1:colcon.colcon_core.environment:checking '/home/yash/px4_ws/install/px4_ros_com' for CMake config files
[0.786s] Level 1:colcon.colcon_core.shell:create_environment_hook('px4_ros_com', 'cmake_prefix_path')
[0.786s] INFO:colcon.colcon_core.shell:Creating environment hook '/home/yash/px4_ws/install/px4_ros_com/share/px4_ros_com/hook/cmake_prefix_path.ps1'
[0.787s] INFO:colcon.colcon_core.shell:Creating environment descriptor '/home/yash/px4_ws/install/px4_ros_com/share/px4_ros_com/hook/cmake_prefix_path.dsv'
[0.787s] INFO:colcon.colcon_core.shell:Creating environment hook '/home/yash/px4_ws/install/px4_ros_com/share/px4_ros_com/hook/cmake_prefix_path.sh'
[0.787s] Level 1:colcon.colcon_core.environment:checking '/home/yash/px4_ws/install/px4_ros_com/lib'
[0.787s] Level 1:colcon.colcon_core.shell:create_environment_hook('px4_ros_com', 'ld_library_path_lib')
[0.787s] INFO:colcon.colcon_core.shell:Creating environment hook '/home/yash/px4_ws/install/px4_ros_com/share/px4_ros_com/hook/ld_library_path_lib.ps1'
[0.787s] INFO:colcon.colcon_core.shell:Creating environment descriptor '/home/yash/px4_ws/install/px4_ros_com/share/px4_ros_com/hook/ld_library_path_lib.dsv'
[0.787s] INFO:colcon.colcon_core.shell:Creating environment hook '/home/yash/px4_ws/install/px4_ros_com/share/px4_ros_com/hook/ld_library_path_lib.sh'
[0.788s] Level 1:colcon.colcon_core.environment:checking '/home/yash/px4_ws/install/px4_ros_com/bin'
[0.788s] Level 1:colcon.colcon_core.environment:checking '/home/yash/px4_ws/install/px4_ros_com/lib/pkgconfig/px4_ros_com.pc'
[0.788s] Level 1:colcon.colcon_core.environment:checking '/home/yash/px4_ws/install/px4_ros_com/lib/python3.10/site-packages'
[0.788s] Level 1:colcon.colcon_core.environment:checking '/home/yash/px4_ws/install/px4_ros_com/bin'
[0.788s] INFO:colcon.colcon_core.shell:Creating package script '/home/yash/px4_ws/install/px4_ros_com/share/px4_ros_com/package.ps1'
[0.788s] INFO:colcon.colcon_core.shell:Creating package descriptor '/home/yash/px4_ws/install/px4_ros_com/share/px4_ros_com/package.dsv'
[0.788s] INFO:colcon.colcon_core.shell:Creating package script '/home/yash/px4_ws/install/px4_ros_com/share/px4_ros_com/package.sh'
[0.788s] INFO:colcon.colcon_core.shell:Creating package script '/home/yash/px4_ws/install/px4_ros_com/share/px4_ros_com/package.bash'
[0.788s] INFO:colcon.colcon_core.shell:Creating package script '/home/yash/px4_ws/install/px4_ros_com/share/px4_ros_com/package.zsh'
[0.789s] Level 1:colcon.colcon_core.environment:create_file_with_runtime_dependencies(/home/yash/px4_ws/install/px4_ros_com/share/colcon-core/packages/px4_ros_com)
[0.789s] Level 1:colcon.colcon_core.environment:create_environment_scripts_only(px4_ros_com)
[0.789s] Level 1:colcon.colcon_core.environment:checking '/home/yash/px4_ws/install/px4_ros_com' for CMake module files
[0.789s] Level 1:colcon.colcon_core.environment:checking '/home/yash/px4_ws/install/px4_ros_com' for CMake config files
[0.789s] Level 1:colcon.colcon_core.shell:create_environment_hook('px4_ros_com', 'cmake_prefix_path')
[0.789s] INFO:colcon.colcon_core.shell:Creating environment hook '/home/yash/px4_ws/install/px4_ros_com/share/px4_ros_com/hook/cmake_prefix_path.ps1'
[0.789s] INFO:colcon.colcon_core.shell:Creating environment descriptor '/home/yash/px4_ws/install/px4_ros_com/share/px4_ros_com/hook/cmake_prefix_path.dsv'
[0.790s] INFO:colcon.colcon_core.shell:Creating environment hook '/home/yash/px4_ws/install/px4_ros_com/share/px4_ros_com/hook/cmake_prefix_path.sh'
[0.790s] Level 1:colcon.colcon_core.environment:checking '/home/yash/px4_ws/install/px4_ros_com/lib'
[0.790s] Level 1:colcon.colcon_core.shell:create_environment_hook('px4_ros_com', 'ld_library_path_lib')
[0.790s] INFO:colcon.colcon_core.shell:Creating environment hook '/home/yash/px4_ws/install/px4_ros_com/share/px4_ros_com/hook/ld_library_path_lib.ps1'
[0.790s] INFO:colcon.colcon_core.shell:Creating environment descriptor '/home/yash/px4_ws/install/px4_ros_com/share/px4_ros_com/hook/ld_library_path_lib.dsv'
[0.790s] INFO:colcon.colcon_core.shell:Creating environment hook '/home/yash/px4_ws/install/px4_ros_com/share/px4_ros_com/hook/ld_library_path_lib.sh'
[0.790s] Level 1:colcon.colcon_core.environment:checking '/home/yash/px4_ws/install/px4_ros_com/bin'
[0.790s] Level 1:colcon.colcon_core.environment:checking '/home/yash/px4_ws/install/px4_ros_com/lib/pkgconfig/px4_ros_com.pc'
[0.790s] Level 1:colcon.colcon_core.environment:checking '/home/yash/px4_ws/install/px4_ros_com/lib/python3.10/site-packages'
[0.791s] Level 1:colcon.colcon_core.environment:checking '/home/yash/px4_ws/install/px4_ros_com/bin'
[0.791s] INFO:colcon.colcon_core.shell:Creating package script '/home/yash/px4_ws/install/px4_ros_com/share/px4_ros_com/package.ps1'
[0.791s] INFO:colcon.colcon_core.shell:Creating package descriptor '/home/yash/px4_ws/install/px4_ros_com/share/px4_ros_com/package.dsv'
[0.791s] INFO:colcon.colcon_core.shell:Creating package script '/home/yash/px4_ws/install/px4_ros_com/share/px4_ros_com/package.sh'
[0.791s] INFO:colcon.colcon_core.shell:Creating package script '/home/yash/px4_ws/install/px4_ros_com/share/px4_ros_com/package.bash'
[0.791s] INFO:colcon.colcon_core.shell:Creating package script '/home/yash/px4_ws/install/px4_ros_com/share/px4_ros_com/package.zsh'
[0.791s] Level 1:colcon.colcon_core.environment:create_file_with_runtime_dependencies(/home/yash/px4_ws/install/px4_ros_com/share/colcon-core/packages/px4_ros_com)
[0.944s] DEBUG:colcon.colcon_core.event_handler.log_command:Invoking command in '/home/yash/px4_ws/src/tvc_controller': CMAKE_PREFIX_PATH=/home/yash/px4_ws/install/px4_msgs:/home/yash/px4_ws/install/test_pkg:/home/yash/px4_ws/install/px4_test:/home/yash/px4_ws/install/px4_ros_com LD_LIBRARY_PATH=/home/yash/px4_ws/install/px4_msgs/lib:/home/yash/px4_ws/install/px4_test/lib:/home/yash/px4_ws/install/px4_ros_com/lib:/opt/ros/humble/opt/rviz_ogre_vendor/lib:/opt/ros/humble/lib/x86_64-linux-gnu:/opt/ros/humble/lib:/home/yash/acados/lib:/usr/local/lib/coin-or PYTHONPATH=/home/yash/px4_ws/build/tvc_controller/prefix_override:/usr/lib/python3/dist-packages/colcon_core/task/python/colcon_distutils_commands:/home/yash/px4_ws/install/tvc_controller/lib/python3.10/site-packages:${PYTHONPATH} /usr/bin/python3 -W ignore:setup.py install is deprecated -W ignore:easy_install command is deprecated setup.py egg_info --egg-base ../../build/tvc_controller build --build-base /home/yash/px4_ws/build/tvc_controller/build install --record /home/yash/px4_ws/build/tvc_controller/install.log --single-version-externally-managed install_data
[1.161s] Level 1:colcon.colcon_core.environment:checking '/home/yash/px4_ws/install/tvc_controller' for CMake module files
[1.162s] DEBUG:colcon.colcon_core.event_handler.log_command:Invoked command in '/home/yash/px4_ws/src/tvc_controller' returned '0': CMAKE_PREFIX_PATH=/home/yash/px4_ws/install/px4_msgs:/home/yash/px4_ws/install/test_pkg:/home/yash/px4_ws/install/px4_test:/home/yash/px4_ws/install/px4_ros_com LD_LIBRARY_PATH=/home/yash/px4_ws/install/px4_msgs/lib:/home/yash/px4_ws/install/px4_test/lib:/home/yash/px4_ws/install/px4_ros_com/lib:/opt/ros/humble/opt/rviz_ogre_vendor/lib:/opt/ros/humble/lib/x86_64-linux-gnu:/opt/ros/humble/lib:/home/yash/acados/lib:/usr/local/lib/coin-or PYTHONPATH=/home/yash/px4_ws/build/tvc_controller/prefix_override:/usr/lib/python3/dist-packages/colcon_core/task/python/colcon_distutils_commands:/home/yash/px4_ws/install/tvc_controller/lib/python3.10/site-packages:${PYTHONPATH} /usr/bin/python3 -W ignore:setup.py install is deprecated -W ignore:easy_install command is deprecated setup.py egg_info --egg-base ../../build/tvc_controller build --build-base /home/yash/px4_ws/build/tvc_controller/build install --record /home/yash/px4_ws/build/tvc_controller/install.log --single-version-externally-managed install_data
[1.162s] Level 1:colcon.colcon_core.environment:checking '/home/yash/px4_ws/install/tvc_controller' for CMake config files
[1.162s] Level 1:colcon.colcon_core.environment:checking '/home/yash/px4_ws/install/tvc_controller/lib'
[1.162s] Level 1:colcon.colcon_core.environment:checking '/home/yash/px4_ws/install/tvc_controller/bin'
[1.162s] Level 1:colcon.colcon_core.environment:checking '/home/yash/px4_ws/install/tvc_controller/lib/pkgconfig/tvc_controller.pc'
[1.162s] Level 1:colcon.colcon_core.environment:checking '/home/yash/px4_ws/install/tvc_controller/lib/python3.10/site-packages'
[1.162s] Level 1:colcon.colcon_core.shell:create_environment_hook('tvc_controller', 'pythonpath')
[1.163s] INFO:colcon.colcon_core.shell:Creating environment hook '/home/yash/px4_ws/install/tvc_controller/share/tvc_controller/hook/pythonpath.ps1'
[1.163s] INFO:colcon.colcon_core.shell:Creating environment descriptor '/home/yash/px4_ws/install/tvc_controller/share/tvc_controller/hook/pythonpath.dsv'
[1.163s] INFO:colcon.colcon_core.shell:Creating environment hook '/home/yash/px4_ws/install/tvc_controller/share/tvc_controller/hook/pythonpath.sh'
[1.164s] Level 1:colcon.colcon_core.environment:checking '/home/yash/px4_ws/install/tvc_controller/bin'
[1.164s] Level 1:colcon.colcon_core.environment:create_environment_scripts_only(tvc_controller)
[1.164s] INFO:colcon.colcon_core.shell:Creating package script '/home/yash/px4_ws/install/tvc_controller/share/tvc_controller/package.ps1'
[1.164s] INFO:colcon.colcon_core.shell:Creating package descriptor '/home/yash/px4_ws/install/tvc_controller/share/tvc_controller/package.dsv'
[1.164s] INFO:colcon.colcon_core.shell:Creating package script '/home/yash/px4_ws/install/tvc_controller/share/tvc_controller/package.sh'
[1.165s] INFO:colcon.colcon_core.shell:Creating package script '/home/yash/px4_ws/install/tvc_controller/share/tvc_controller/package.bash'
[1.165s] INFO:colcon.colcon_core.shell:Creating package script '/home/yash/px4_ws/install/tvc_controller/share/tvc_controller/package.zsh'
[1.165s] Level 1:colcon.colcon_core.environment:create_file_with_runtime_dependencies(/home/yash/px4_ws/install/tvc_controller/share/colcon-core/packages/tvc_controller)
[1.165s] DEBUG:colcon.colcon_parallel_executor.executor.parallel:closing loop
[1.166s] DEBUG:colcon.colcon_parallel_executor.executor.parallel:loop closed
[1.166s] DEBUG:colcon.colcon_parallel_executor.executor.parallel:run_until_complete finished with '0'
[1.166s] DEBUG:colcon.colcon_core.event_reactor:joining thread
[1.168s] INFO:colcon.colcon_core.plugin_system:Skipping extension 'colcon_notification.desktop_notification.terminal_notifier': Not used on non-Darwin systems
[1.168s] INFO:colcon.colcon_core.plugin_system:Skipping extension 'colcon_notification.desktop_notification.win32': Not used on non-Windows systems
[1.168s] INFO:colcon.colcon_notification.desktop_notification:Sending desktop notification using 'notify2'
[1.173s] DEBUG:colcon.colcon_core.event_reactor:joined thread
[1.173s] INFO:colcon.colcon_core.shell:Creating prefix script '/home/yash/px4_ws/install/local_setup.ps1'
[1.173s] INFO:colcon.colcon_core.shell:Creating prefix util module '/home/yash/px4_ws/install/_local_setup_util_ps1.py'
[1.174s] INFO:colcon.colcon_core.shell:Creating prefix chain script '/home/yash/px4_ws/install/setup.ps1'
[1.175s] INFO:colcon.colcon_core.shell:Creating prefix script '/home/yash/px4_ws/install/local_setup.sh'
[1.175s] INFO:colcon.colcon_core.shell:Creating prefix util module '/home/yash/px4_ws/install/_local_setup_util_sh.py'
[1.175s] INFO:colcon.colcon_core.shell:Creating prefix chain script '/home/yash/px4_ws/install/setup.sh'
[1.176s] INFO:colcon.colcon_core.shell:Creating prefix script '/home/yash/px4_ws/install/local_setup.bash'
[1.176s] INFO:colcon.colcon_core.shell:Creating prefix chain script '/home/yash/px4_ws/install/setup.bash'
[1.176s] INFO:colcon.colcon_core.shell:Creating prefix script '/home/yash/px4_ws/install/local_setup.zsh'
[1.177s] INFO:colcon.colcon_core.shell:Creating prefix chain script '/home/yash/px4_ws/install/setup.zsh'
